Using pre-set license
Built from '2020.3/staging' branch; Version is '2020.3.6f1 (338bb68529b2) revision 3378102'; Using compiler version '192528614'; Build Type 'Release'
OS: 'Windows 10 Home Single Language; OS build 19043.1415; Version 2009; 64bit' Language: 'es' Physical Memory: 8090 MB
BatchMode: 1, IsHumanControllingUs: 0, StartBugReporterOnCrash: 0, Is64bit: 1, IsPro: 0

 COMMAND LINE ARGUMENTS:
C:\Program Files\Unity\Hub\Editor\2020.3.6f1\Editor\Unity.exe
-adb2
-batchMode
-noUpm
-name
AssetImportWorker0
-projectPath
C:/Users/frAnz/Desktop/Dise単o de juego/space-game/space-game-unsa
-logFile
Logs/AssetImportWorker0.log
-srvPort
<<<<<<< HEAD
57585
Successfully changed project path to: C:/Users/ACER/Desktop/Projects/space-game/space-game-unsa
C:/Users/ACER/Desktop/Projects/space-game/space-game-unsa
Using Asset Import Pipeline V2.
Refreshing native plugins compatible for Editor in 25.36 ms, found 0 plugins.
=======
52170
Successfully changed project path to: C:/Users/frAnz/Desktop/Dise単o de juego/space-game/space-game-unsa
C:/Users/frAnz/Desktop/Dise単o de juego/space-game/space-game-unsa
Using Asset Import Pipeline V2.
Refreshing native plugins compatible for Editor in 233.19 ms, found 0 plugins.
>>>>>>> PlanetsTerrains
Preloading 0 native plugins for Editor in 0.00 ms.
Initialize engine version: 2020.3.6f1 (338bb68529b2)
[Subsystems] Discovering subsystems at path C:/Program Files/Unity/Hub/Editor/2020.3.6f1/Editor/Data/Resources/UnitySubsystems
[Subsystems] Discovering subsystems at path C:/Users/frAnz/Desktop/Dise単o de juego/space-game/space-game-unsa/Assets
GfxDevice: creating device client; threaded=0
Direct3D:
    Version:  Direct3D 11.0 [level 11.1]
    Renderer: AMD Radeon (TM) R5 M330 (ID=0x6660)
    Vendor:   
    VRAM:     2039 MB
    Driver:   27.20.14501.18003
Initialize mono
<<<<<<< HEAD
Mono path[0] = 'C:/Program Files/Unity/Editor/Data/Managed'
Mono path[1] = 'C:/Program Files/Unity/Editor/Data/MonoBleedingEdge/lib/mono/unityjit'
Mono config path = 'C:/Program Files/Unity/Editor/Data/MonoBleedingEdge/etc'
Using monoOptions --debugger-agent=transport=dt_socket,embedding=1,server=y,suspend=n,address=127.0.0.1:56068
Begin MonoManager ReloadAssembly
Registering precompiled unity dll's ...
Register platform support module: C:/Program Files/Unity/Editor/Data/PlaybackEngines/WebGLSupport/UnityEditor.WebGL.Extensions.dll
Register platform support module: C:/Program Files/Unity/Editor/Data/PlaybackEngines/WindowsStandaloneSupport/UnityEditor.WindowsStandalone.Extensions.dll
Registered in 0.001820 seconds.
Native extension for WindowsStandalone target not found
Native extension for WebGL target not found
Refreshing native plugins compatible for Editor in 28.91 ms, found 0 plugins.
Preloading 0 native plugins for Editor in 0.00 ms.
Mono: successfully reloaded assembly
- Completed reload, in  0.959 seconds
Platform modules already initialized, skipping
Registering precompiled user dll's ...
Registered in 0.000533 seconds.
Begin MonoManager ReloadAssembly
Native extension for WindowsStandalone target not found
Native extension for WebGL target not found
Refreshing native plugins compatible for Editor in 25.47 ms, found 0 plugins.
Preloading 0 native plugins for Editor in 0.00 ms.
Mono: successfully reloaded assembly
- Completed reload, in  0.813 seconds
Platform modules already initialized, skipping
========================================================================
Worker process is ready to serve import requests
Launched and connected shader compiler UnityShaderCompiler.exe after 0.03 seconds
Refreshing native plugins compatible for Editor in 0.24 ms, found 0 plugins.
=======
Mono path[0] = 'C:/Program Files/Unity/Hub/Editor/2020.3.6f1/Editor/Data/Managed'
Mono path[1] = 'C:/Program Files/Unity/Hub/Editor/2020.3.6f1/Editor/Data/MonoBleedingEdge/lib/mono/unityjit'
Mono config path = 'C:/Program Files/Unity/Hub/Editor/2020.3.6f1/Editor/Data/MonoBleedingEdge/etc'
Using monoOptions --debugger-agent=transport=dt_socket,embedding=1,server=y,suspend=n,address=127.0.0.1:56376
Begin MonoManager ReloadAssembly
Registering precompiled unity dll's ...
Register platform support module: C:/Program Files/Unity/Hub/Editor/2020.3.6f1/Editor/Data/PlaybackEngines/WebGLSupport/UnityEditor.WebGL.Extensions.dll
Register platform support module: C:/Program Files/Unity/Hub/Editor/2020.3.6f1/Editor/Data/PlaybackEngines/WindowsStandaloneSupport/UnityEditor.WindowsStandalone.Extensions.dll
Registered in 0.007976 seconds.
Native extension for WindowsStandalone target not found
Native extension for WebGL target not found
Refreshing native plugins compatible for Editor in 86.47 ms, found 0 plugins.
Preloading 0 native plugins for Editor in 0.00 ms.
Mono: successfully reloaded assembly
- Completed reload, in  8.775 seconds
Platform modules already initialized, skipping
Registering precompiled user dll's ...
Registered in 0.001731 seconds.
Begin MonoManager ReloadAssembly
Native extension for WindowsStandalone target not found
Native extension for WebGL target not found
Refreshing native plugins compatible for Editor in 65.98 ms, found 0 plugins.
Preloading 0 native plugins for Editor in 0.00 ms.
Mono: successfully reloaded assembly
- Completed reload, in  1.792 seconds
Platform modules already initialized, skipping
========================================================================
Worker process is ready to serve import requests
Launched and connected shader compiler UnityShaderCompiler.exe after 0.12 seconds
Refreshing native plugins compatible for Editor in 0.91 ms, found 0 plugins.
>>>>>>> PlanetsTerrains
Preloading 0 native plugins for Editor in 0.00 ms.
Unloading 1581 Unused Serialized files (Serialized files now loaded: 0)
System memory in use before: 100.0 MB.
System memory in use after: 100.0 MB.

<<<<<<< HEAD
Unloading 13 unused Assets to reduce memory usage. Loaded Objects now: 2007.
Total: 1.693100 ms (FindLiveObjects: 0.201400 ms CreateObjectMapping: 0.071700 ms MarkObjects: 1.354400 ms  DeleteObjects: 0.064600 ms)

========================================================================
Received Import Request.
  path: Assets/Material
  artifactKey: Guid(5a268443a9986aa4191c42ebbdc0d6f7) Importer(815301076,1909f56bfc062723c751e8b465ee728b)
Start importing Assets/Material using Guid(5a268443a9986aa4191c42ebbdc0d6f7) Importer(815301076,1909f56bfc062723c751e8b465ee728b)  -> (artifact id: '7faeee6b49c7e23a2ab07d0cd0e203bf') in 0.008047 seconds
  Import took 0.010603 seconds .

========================================================================
Received Import Request.
  Time since last request: 8.827354 seconds.
  path: Assets/Material/MatPiso.mat
  artifactKey: Guid(16654cbd07fbe4b43b0fd206710c5b49) Importer(815301076,1909f56bfc062723c751e8b465ee728b)
Start importing Assets/Material/MatPiso.mat using Guid(16654cbd07fbe4b43b0fd206710c5b49) Importer(815301076,1909f56bfc062723c751e8b465ee728b)  -> (artifact id: '055bd8f205c3437e3b539afdc4cb7105') in 0.112128 seconds
  Import took 0.114541 seconds .

========================================================================
Received Prepare
Registering precompiled user dll's ...
Registered in 0.000598 seconds.
Begin MonoManager ReloadAssembly
Native extension for WindowsStandalone target not found
Native extension for WebGL target not found
Refreshing native plugins compatible for Editor in 0.23 ms, found 0 plugins.
Preloading 0 native plugins for Editor in 0.00 ms.
Mono: successfully reloaded assembly
- Completed reload, in  0.718 seconds
Platform modules already initialized, skipping
Refreshing native plugins compatible for Editor in 0.24 ms, found 0 plugins.
Preloading 0 native plugins for Editor in 0.00 ms.
Unloading 1554 Unused Serialized files (Serialized files now loaded: 0)
System memory in use before: 76.5 MB.
System memory in use after: 76.5 MB.

Unloading 6 unused Assets to reduce memory usage. Loaded Objects now: 2050.
Total: 2.150500 ms (FindLiveObjects: 0.312700 ms CreateObjectMapping: 0.149500 ms MarkObjects: 1.641100 ms  DeleteObjects: 0.046100 ms)

========================================================================
Received Import Request.
  Time since last request: 89.042744 seconds.
  path: Assets/Scenes/EnemigosIA.unity
  artifactKey: Guid(009555d4c26c25441a0d041f25064d4c) Importer(815301076,1909f56bfc062723c751e8b465ee728b)
Start importing Assets/Scenes/EnemigosIA.unity using Guid(009555d4c26c25441a0d041f25064d4c) Importer(815301076,1909f56bfc062723c751e8b465ee728b)  -> (artifact id: 'b75647563743967611858a063f0043e0') in 0.014949 seconds
  Import took 0.017626 seconds .

========================================================================
Received Import Request.
  Time since last request: 387.783705 seconds.
  path: Assets/Models3D/mechanical-virus
  artifactKey: Guid(26929425e06ff60479a13fb22400925b) Importer(815301076,1909f56bfc062723c751e8b465ee728b)
Start importing Assets/Models3D/mechanical-virus using Guid(26929425e06ff60479a13fb22400925b) Importer(815301076,1909f56bfc062723c751e8b465ee728b)  -> (artifact id: '73d2fc027a30f62ce035c81b47089256') in 0.005944 seconds
  Import took 0.009269 seconds .

========================================================================
Received Import Request.
  Time since last request: 2.762753 seconds.
  path: Assets/Models3D/virus
  artifactKey: Guid(26929425e06ff60479a13fb22400925b) Importer(815301076,1909f56bfc062723c751e8b465ee728b)
Start importing Assets/Models3D/virus using Guid(26929425e06ff60479a13fb22400925b) Importer(815301076,1909f56bfc062723c751e8b465ee728b)  -> (artifact id: '5c201cf6895e901fde46753d9e36050e') in 0.006863 seconds
  Import took 0.009306 seconds .

========================================================================
Received Import Request.
  Time since last request: 0.137352 seconds.
  path: Assets/Models3D/virus/virus2.fbx
  artifactKey: Guid(ca33cc1e77715064e86a0322cd6de0b0) Importer(815301076,1909f56bfc062723c751e8b465ee728b)
Start importing Assets/Models3D/virus/virus2.fbx using Guid(ca33cc1e77715064e86a0322cd6de0b0) Importer(815301076,1909f56bfc062723c751e8b465ee728b)  -> (artifact id: '13314401bb09caa05489a6b474cc1038') in 0.111829 seconds
  Import took 0.114611 seconds .

========================================================================
Received Import Request.
  Time since last request: 20.420405 seconds.
  path: Assets/Models3D/virus/virus2.fbx
  artifactKey: Guid(ca33cc1e77715064e86a0322cd6de0b0) Importer(815301076,1909f56bfc062723c751e8b465ee728b)
Start importing Assets/Models3D/virus/virus2.fbx using Guid(ca33cc1e77715064e86a0322cd6de0b0) Importer(815301076,1909f56bfc062723c751e8b465ee728b)  -> (artifact id: '5c0f9a0ed98bbbe251265e2dcb44c393') in 0.042750 seconds
  Import took 0.045228 seconds .

========================================================================
Received Import Request.
  Time since last request: 71.571354 seconds.
  path: Assets/Models3D/virus/textures
  artifactKey: Guid(7e6fccedc7b41b4448bf25b8fd175072) Importer(815301076,1909f56bfc062723c751e8b465ee728b)
Start importing Assets/Models3D/virus/textures using Guid(7e6fccedc7b41b4448bf25b8fd175072) Importer(815301076,1909f56bfc062723c751e8b465ee728b)  -> (artifact id: 'b9b529021ba7f1845d37b34bf740eedc') in 0.006816 seconds
  Import took 0.009821 seconds .

========================================================================
Received Import Request.
  Time since last request: 0.520024 seconds.
  path: Assets/Models3D/virus/source
  artifactKey: Guid(cdafa342caebcf7459924747572cce9e) Importer(815301076,1909f56bfc062723c751e8b465ee728b)
Start importing Assets/Models3D/virus/source using Guid(cdafa342caebcf7459924747572cce9e) Importer(815301076,1909f56bfc062723c751e8b465ee728b)  -> (artifact id: '9ea4a3a1314517a263967cb378b1affd') in 0.007706 seconds
  Import took 0.019022 seconds .

========================================================================
Received Import Request.
  Time since last request: 3.531822 seconds.
  path: Assets/Models3D/virus/textures/endesga-36-8x.png
  artifactKey: Guid(6b2a5c40355ea55499366239c776b9bd) Importer(815301076,1909f56bfc062723c751e8b465ee728b)
Start importing Assets/Models3D/virus/textures/endesga-36-8x.png using Guid(6b2a5c40355ea55499366239c776b9bd) Importer(815301076,1909f56bfc062723c751e8b465ee728b)  -> (artifact id: 'f67d14c168d4db2131a4ff8ccf249516') in 0.016279 seconds
  Import took 0.018904 seconds .

========================================================================
Received Prepare
Registering precompiled user dll's ...
Registered in 0.000724 seconds.
Begin MonoManager ReloadAssembly
Native extension for WindowsStandalone target not found
Native extension for WebGL target not found
Refreshing native plugins compatible for Editor in 0.24 ms, found 0 plugins.
Preloading 0 native plugins for Editor in 0.00 ms.
Mono: successfully reloaded assembly
- Completed reload, in  0.685 seconds
Platform modules already initialized, skipping
Refreshing native plugins compatible for Editor in 0.25 ms, found 0 plugins.
Preloading 0 native plugins for Editor in 0.00 ms.
Unloading 1554 Unused Serialized files (Serialized files now loaded: 0)
System memory in use before: 76.7 MB.
System memory in use after: 76.8 MB.

Unloading 6 unused Assets to reduce memory usage. Loaded Objects now: 2059.
Total: 2.404500 ms (FindLiveObjects: 0.227800 ms CreateObjectMapping: 0.117300 ms MarkObjects: 1.939100 ms  DeleteObjects: 0.119200 ms)

========================================================================
Received Import Request.
  Time since last request: 15.208968 seconds.
  path: Assets/Models3D/virus/AnimVirus.controller
  artifactKey: Guid(e31dbe58c3bc88949b356d6b7f36eeae) Importer(815301076,1909f56bfc062723c751e8b465ee728b)
Start importing Assets/Models3D/virus/AnimVirus.controller using Guid(e31dbe58c3bc88949b356d6b7f36eeae) Importer(815301076,1909f56bfc062723c751e8b465ee728b)  -> (artifact id: 'dd7ce75fbeb0ec84477401c510f9ff5c') in 0.016506 seconds
  Import took 0.019946 seconds .

========================================================================
Received Prepare
Registering precompiled user dll's ...
Registered in 0.000639 seconds.
Begin MonoManager ReloadAssembly
Native extension for WindowsStandalone target not found
Native extension for WebGL target not found
Refreshing native plugins compatible for Editor in 0.23 ms, found 0 plugins.
Preloading 0 native plugins for Editor in 0.00 ms.
Mono: successfully reloaded assembly
- Completed reload, in  0.698 seconds
Platform modules already initialized, skipping
Refreshing native plugins compatible for Editor in 0.23 ms, found 0 plugins.
Preloading 0 native plugins for Editor in 0.00 ms.
Unloading 1554 Unused Serialized files (Serialized files now loaded: 0)
System memory in use before: 76.7 MB.
System memory in use after: 76.8 MB.

Unloading 6 unused Assets to reduce memory usage. Loaded Objects now: 2062.
Total: 1.703000 ms (FindLiveObjects: 0.273600 ms CreateObjectMapping: 0.055500 ms MarkObjects: 1.327700 ms  DeleteObjects: 0.045400 ms)

========================================================================
Received Import Request.
  Time since last request: 82.095591 seconds.
  path: Assets/Models3D/virus/Materials
  artifactKey: Guid(3e6977648ab5c1c4995e2de9b547f60b) Importer(815301076,1909f56bfc062723c751e8b465ee728b)
Start importing Assets/Models3D/virus/Materials using Guid(3e6977648ab5c1c4995e2de9b547f60b) Importer(815301076,1909f56bfc062723c751e8b465ee728b)  -> (artifact id: '506ae1ec4f39e7b0d8ddd6a8a4b16b45') in 0.008331 seconds
  Import took 0.011674 seconds .

========================================================================
Received Import Request.
  Time since last request: 13.224322 seconds.
  path: Assets/Models3D/virus/Materials/MatTierra.mat
  artifactKey: Guid(8fdb76b081f6108438e3dd9843dfc814) Importer(815301076,1909f56bfc062723c751e8b465ee728b)
Start importing Assets/Models3D/virus/Materials/MatTierra.mat using Guid(8fdb76b081f6108438e3dd9843dfc814) Importer(815301076,1909f56bfc062723c751e8b465ee728b)  -> (artifact id: '25cf247a883e200d1e4dbfa4114a7b41') in 0.052648 seconds
  Import took 0.055370 seconds .

========================================================================
Received Import Request.
  Time since last request: 406.414778 seconds.
  path: Assets/Models3D/virus/Materials/MatTierra.mat
  artifactKey: Guid(8fdb76b081f6108438e3dd9843dfc814) Importer(815301076,1909f56bfc062723c751e8b465ee728b)
Start importing Assets/Models3D/virus/Materials/MatTierra.mat using Guid(8fdb76b081f6108438e3dd9843dfc814) Importer(815301076,1909f56bfc062723c751e8b465ee728b)  -> (artifact id: 'd892f6a453cfd73d42956838a28298cf') in 0.013738 seconds
  Import took 0.016448 seconds .

========================================================================
Received Import Request.
  Time since last request: 0.387340 seconds.
  path: Assets/Models3D/virus/Materials/MatTierra 1.mat
  artifactKey: Guid(3df824c7e0eb42546888c46ac56f80f6) Importer(815301076,1909f56bfc062723c751e8b465ee728b)
Start importing Assets/Models3D/virus/Materials/MatTierra 1.mat using Guid(3df824c7e0eb42546888c46ac56f80f6) Importer(815301076,1909f56bfc062723c751e8b465ee728b)  -> (artifact id: 'bb99d064614231862d98be8cb95f0616') in 0.016053 seconds
  Import took 0.018807 seconds .

========================================================================
Received Import Request.
  Time since last request: 0.168509 seconds.
  path: Assets/Models3D/virus/Materials/MatTierra 2.mat
  artifactKey: Guid(9360da3215c405346a06c28a86da1a3e) Importer(815301076,1909f56bfc062723c751e8b465ee728b)
Start importing Assets/Models3D/virus/Materials/MatTierra 2.mat using Guid(9360da3215c405346a06c28a86da1a3e) Importer(815301076,1909f56bfc062723c751e8b465ee728b)  -> (artifact id: 'b57cd0027f159940f6268d23ae297009') in 0.015554 seconds
  Import took 0.018310 seconds .

========================================================================
Received Import Request.
  Time since last request: 0.118771 seconds.
  path: Assets/Models3D/virus/Materials/MatTierra 3.mat
  artifactKey: Guid(75797da328d3d904895a2dc19f6c47db) Importer(815301076,1909f56bfc062723c751e8b465ee728b)
Start importing Assets/Models3D/virus/Materials/MatTierra 3.mat using Guid(75797da328d3d904895a2dc19f6c47db) Importer(815301076,1909f56bfc062723c751e8b465ee728b)  -> (artifact id: 'd6f7d71fc469842bb0efcc27a94a979e') in 0.014243 seconds
  Import took 0.016832 seconds .

========================================================================
Received Import Request.
  Time since last request: 0.126796 seconds.
  path: Assets/Models3D/virus/Materials/MatTierra 4.mat
  artifactKey: Guid(c1d9745f550757743bd5c40bba49848b) Importer(815301076,1909f56bfc062723c751e8b465ee728b)
Start importing Assets/Models3D/virus/Materials/MatTierra 4.mat using Guid(c1d9745f550757743bd5c40bba49848b) Importer(815301076,1909f56bfc062723c751e8b465ee728b)  -> (artifact id: 'ac662fd71eae2875aede9b94861f94ad') in 0.012225 seconds
  Import took 0.014934 seconds .

========================================================================
Received Import Request.
  Time since last request: 38.199391 seconds.
  path: Assets/Models3D/virus/Materials/MatJupiter.mat
  artifactKey: Guid(3df824c7e0eb42546888c46ac56f80f6) Importer(815301076,1909f56bfc062723c751e8b465ee728b)
Start importing Assets/Models3D/virus/Materials/MatJupiter.mat using Guid(3df824c7e0eb42546888c46ac56f80f6) Importer(815301076,1909f56bfc062723c751e8b465ee728b)  -> (artifact id: 'd9a4de73ae8dca27fa398d79ddc49beb') in 0.013943 seconds
  Import took 0.016640 seconds .

========================================================================
Received Import Request.
  Time since last request: 0.000160 seconds.
  path: Assets/Models3D/virus/Materials/MatTierra 5.mat
  artifactKey: Guid(7e540b427facd0941990cb164e28f8b8) Importer(815301076,1909f56bfc062723c751e8b465ee728b)
Start importing Assets/Models3D/virus/Materials/MatTierra 5.mat using Guid(7e540b427facd0941990cb164e28f8b8) Importer(815301076,1909f56bfc062723c751e8b465ee728b)  -> (artifact id: '94e118237b9d401a901f4bcee88f5164') in 0.010608 seconds
  Import took 0.013446 seconds .

========================================================================
Received Import Request.
  Time since last request: 0.000172 seconds.
  path: Assets/Models3D/virus/Materials/MatMercurio.mat
  artifactKey: Guid(75797da328d3d904895a2dc19f6c47db) Importer(815301076,1909f56bfc062723c751e8b465ee728b)
Start importing Assets/Models3D/virus/Materials/MatMercurio.mat using Guid(75797da328d3d904895a2dc19f6c47db) Importer(815301076,1909f56bfc062723c751e8b465ee728b)  -> (artifact id: '31bd89a70f028d63836f9f6a40bd20a1') in 0.011912 seconds
  Import took 0.014658 seconds .

========================================================================
Received Import Request.
  Time since last request: 0.000149 seconds.
  path: Assets/Models3D/virus/Materials/MatMarte.mat
  artifactKey: Guid(c1d9745f550757743bd5c40bba49848b) Importer(815301076,1909f56bfc062723c751e8b465ee728b)
Start importing Assets/Models3D/virus/Materials/MatMarte.mat using Guid(c1d9745f550757743bd5c40bba49848b) Importer(815301076,1909f56bfc062723c751e8b465ee728b)  -> (artifact id: 'b2d0b592a919cb0fa957e1d56c6cb6c0') in 0.013664 seconds
  Import took 0.016062 seconds .

========================================================================
Received Import Request.
  Time since last request: 0.000146 seconds.
  path: Assets/Models3D/virus/Materials/MatVenus.mat
  artifactKey: Guid(9360da3215c405346a06c28a86da1a3e) Importer(815301076,1909f56bfc062723c751e8b465ee728b)
Start importing Assets/Models3D/virus/Materials/MatVenus.mat using Guid(9360da3215c405346a06c28a86da1a3e) Importer(815301076,1909f56bfc062723c751e8b465ee728b)  -> (artifact id: 'd1ca0b4dbdbb97c3036719f9c23786ae') in 0.011129 seconds
  Import took 0.014171 seconds .

========================================================================
Received Import Request.
  Time since last request: 0.000258 seconds.
  path: Assets/Models3D/virus/Materials/MatVenus.mat
  artifactKey: Guid(9360da3215c405346a06c28a86da1a3e) Importer(815301076,1909f56bfc062723c751e8b465ee728b)
Start importing Assets/Models3D/virus/Materials/MatVenus.mat using Guid(9360da3215c405346a06c28a86da1a3e) Importer(815301076,1909f56bfc062723c751e8b465ee728b)  -> (artifact id: 'd1ca0b4dbdbb97c3036719f9c23786ae') in 0.010030 seconds
  Import took 0.012586 seconds .

========================================================================
Received Import Request.
  Time since last request: 0.249564 seconds.
  path: Assets/Models3D/virus/Materials/MatTierra 6.mat
  artifactKey: Guid(b6a111e017deecc45ab5cce5382a9d6c) Importer(815301076,1909f56bfc062723c751e8b465ee728b)
Start importing Assets/Models3D/virus/Materials/MatTierra 6.mat using Guid(b6a111e017deecc45ab5cce5382a9d6c) Importer(815301076,1909f56bfc062723c751e8b465ee728b)  -> (artifact id: 'b1d5b97c34d78089d56530085937c1c8') in 0.012828 seconds
  Import took 0.015099 seconds .

========================================================================
Received Import Request.
  Time since last request: 27.886277 seconds.
  path: Assets/Models3D/virus/Materials/MatPluton.mat
  artifactKey: Guid(eb0503d5d51722841b4b5a598b6a8a5e) Importer(815301076,1909f56bfc062723c751e8b465ee728b)
Start importing Assets/Models3D/virus/Materials/MatPluton.mat using Guid(eb0503d5d51722841b4b5a598b6a8a5e) Importer(815301076,1909f56bfc062723c751e8b465ee728b)  -> (artifact id: 'e529c4866200d0ceb4a306a2c7ac57a0') in 0.015223 seconds
  Import took 0.017795 seconds .

========================================================================
Received Import Request.
  Time since last request: 0.000200 seconds.
  path: Assets/Models3D/virus/Materials/MatUrano.mat
  artifactKey: Guid(7e540b427facd0941990cb164e28f8b8) Importer(815301076,1909f56bfc062723c751e8b465ee728b)
Start importing Assets/Models3D/virus/Materials/MatUrano.mat using Guid(7e540b427facd0941990cb164e28f8b8) Importer(815301076,1909f56bfc062723c751e8b465ee728b)  -> (artifact id: 'c8ad11f60e3a21e87ad9d1a461d1911b') in 0.011516 seconds
  Import took 0.014521 seconds .

========================================================================
Received Import Request.
  Time since last request: 0.000235 seconds.
  path: Assets/Models3D/virus/Materials/MatSaturno.mat
  artifactKey: Guid(b6a111e017deecc45ab5cce5382a9d6c) Importer(815301076,1909f56bfc062723c751e8b465ee728b)
Start importing Assets/Models3D/virus/Materials/MatSaturno.mat using Guid(b6a111e017deecc45ab5cce5382a9d6c) Importer(815301076,1909f56bfc062723c751e8b465ee728b)  -> (artifact id: 'f5ebf221caf1f390ec17882d0229af6a') in 0.013434 seconds
  Import took 0.017046 seconds .

========================================================================
Received Import Request.
  Time since last request: 135.100417 seconds.
  path: Assets/Models3D/virus/Materials/Tierra.png
  artifactKey: Guid(c6237003e579a5b4f8146be9531083b1) Importer(815301076,1909f56bfc062723c751e8b465ee728b)
Start importing Assets/Models3D/virus/Materials/Tierra.png using Guid(c6237003e579a5b4f8146be9531083b1) Importer(815301076,1909f56bfc062723c751e8b465ee728b)  -> (artifact id: 'adce528ee1c812e4f06e363a1fa3c429') in 0.016703 seconds
  Import took 0.018961 seconds .

========================================================================
Received Import Request.
  Time since last request: 0.001103 seconds.
  path: Assets/Models3D/virus/Materials/Tierra.png
  artifactKey: Guid(c6237003e579a5b4f8146be9531083b1) Importer(815301076,1909f56bfc062723c751e8b465ee728b)
Start importing Assets/Models3D/virus/Materials/Tierra.png using Guid(c6237003e579a5b4f8146be9531083b1) Importer(815301076,1909f56bfc062723c751e8b465ee728b)  -> (artifact id: 'adce528ee1c812e4f06e363a1fa3c429') in 0.013746 seconds
  Import took 0.015919 seconds .

========================================================================
Received Import Request.
  Time since last request: 28.799134 seconds.
  path: Assets/Prefabs/virus Variant.prefab
  artifactKey: Guid(2be4f69e95232eb4a94951af040856bb) Importer(815301076,1909f56bfc062723c751e8b465ee728b)
Start importing Assets/Prefabs/virus Variant.prefab using Guid(2be4f69e95232eb4a94951af040856bb) Importer(815301076,1909f56bfc062723c751e8b465ee728b)  -> (artifact id: '5b89a8d5bc1f18d984fe60fd6b790dd2') in 0.024493 seconds
  Import took 0.027059 seconds .

========================================================================
Received Import Request.
  Time since last request: 131.959874 seconds.
  path: Assets/Models3D/virus/Materials/MatContorno.mat
  artifactKey: Guid(a5fdb7d2857ea944b99e9e13d563b425) Importer(815301076,1909f56bfc062723c751e8b465ee728b)
Start importing Assets/Models3D/virus/Materials/MatContorno.mat using Guid(a5fdb7d2857ea944b99e9e13d563b425) Importer(815301076,1909f56bfc062723c751e8b465ee728b)  -> (artifact id: '85b052cefcb949b4a04f8bcb74f79140') in 0.012933 seconds
  Import took 0.015472 seconds .

========================================================================
Received Import Request.
  Time since last request: 493.064897 seconds.
  path: Assets/Prefabs/virus Variant 1.prefab
  artifactKey: Guid(5bc4f367b7cd1324a8ae8c14b4c0e4d8) Importer(815301076,1909f56bfc062723c751e8b465ee728b)
Start importing Assets/Prefabs/virus Variant 1.prefab using Guid(5bc4f367b7cd1324a8ae8c14b4c0e4d8) Importer(815301076,1909f56bfc062723c751e8b465ee728b)  -> (artifact id: '1e1b0e1239589341dfd7769405980738') in 0.015142 seconds
  Import took 0.017995 seconds .

========================================================================
Received Import Request.
  Time since last request: 0.005866 seconds.
  path: Assets/Prefabs/virus Variant 1.prefab
  artifactKey: Guid(5bc4f367b7cd1324a8ae8c14b4c0e4d8) Importer(815301076,1909f56bfc062723c751e8b465ee728b)
Start importing Assets/Prefabs/virus Variant 1.prefab using Guid(5bc4f367b7cd1324a8ae8c14b4c0e4d8) Importer(815301076,1909f56bfc062723c751e8b465ee728b)  -> (artifact id: '1e1b0e1239589341dfd7769405980738') in 0.013900 seconds
  Import took 0.016311 seconds .

========================================================================
Received Import Request.
  Time since last request: 53.502597 seconds.
  path: Assets/Material/MatPiso.mat
  artifactKey: Guid(16654cbd07fbe4b43b0fd206710c5b49) Importer(815301076,1909f56bfc062723c751e8b465ee728b)
Start importing Assets/Material/MatPiso.mat using Guid(16654cbd07fbe4b43b0fd206710c5b49) Importer(815301076,1909f56bfc062723c751e8b465ee728b)  -> (artifact id: '4695726fb2d2e79354324820bf88202f') in 0.009705 seconds
  Import took 0.021435 seconds .

========================================================================
Received Prepare
Registering precompiled user dll's ...
Registered in 0.000561 seconds.
Begin MonoManager ReloadAssembly
Native extension for WindowsStandalone target not found
Native extension for WebGL target not found
Refreshing native plugins compatible for Editor in 0.29 ms, found 0 plugins.
Preloading 0 native plugins for Editor in 0.00 ms.
Mono: successfully reloaded assembly
- Completed reload, in  0.861 seconds
Platform modules already initialized, skipping
Refreshing native plugins compatible for Editor in 0.30 ms, found 0 plugins.
Preloading 0 native plugins for Editor in 0.00 ms.
Unloading 1554 Unused Serialized files (Serialized files now loaded: 0)
System memory in use before: 76.8 MB.
System memory in use after: 76.9 MB.

Unloading 6 unused Assets to reduce memory usage. Loaded Objects now: 2066.
Total: 1.908100 ms (FindLiveObjects: 0.202700 ms CreateObjectMapping: 0.072800 ms MarkObjects: 1.580800 ms  DeleteObjects: 0.050500 ms)

========================================================================
Received Import Request.
  Time since last request: 272.151197 seconds.
  path: Assets/Models3D/virus/Materials/Jupiter.png
  artifactKey: Guid(52165e03bb96d7d4091a433661258de6) Importer(815301076,1909f56bfc062723c751e8b465ee728b)
Start importing Assets/Models3D/virus/Materials/Jupiter.png using Guid(52165e03bb96d7d4091a433661258de6) Importer(815301076,1909f56bfc062723c751e8b465ee728b)  -> (artifact id: 'a4f06c9e4936df7dafb6127fb1348404') in 0.035877 seconds
  Import took 0.038834 seconds .

========================================================================
Received Import Request.
  Time since last request: 0.000159 seconds.
  path: Assets/Models3D/virus/Materials/Venus.png
  artifactKey: Guid(47123f49a01a20943af0f2452b64d2a0) Importer(815301076,1909f56bfc062723c751e8b465ee728b)
Start importing Assets/Models3D/virus/Materials/Venus.png using Guid(47123f49a01a20943af0f2452b64d2a0) Importer(815301076,1909f56bfc062723c751e8b465ee728b)  -> (artifact id: '6af387494b5447c4d94a85e2a2a60d12') in 0.011836 seconds
  Import took 0.014646 seconds .

========================================================================
Received Import Request.
  Time since last request: 0.000163 seconds.
  path: Assets/Models3D/virus/Materials/Tierra 1.png
  artifactKey: Guid(c304baecfa749a94e860fdfdf218cbb9) Importer(815301076,1909f56bfc062723c751e8b465ee728b)
Start importing Assets/Models3D/virus/Materials/Tierra 1.png using Guid(c304baecfa749a94e860fdfdf218cbb9) Importer(815301076,1909f56bfc062723c751e8b465ee728b)  -> (artifact id: '5ddb2fc34158b37c6300741fd958ca0a') in 0.011690 seconds
  Import took 0.014346 seconds .

========================================================================
Received Import Request.
  Time since last request: 0.000178 seconds.
  path: Assets/Models3D/virus/Materials/Mercurio.png
  artifactKey: Guid(419189166c5391a45bba5272b4406adf) Importer(815301076,1909f56bfc062723c751e8b465ee728b)
Start importing Assets/Models3D/virus/Materials/Mercurio.png using Guid(419189166c5391a45bba5272b4406adf) Importer(815301076,1909f56bfc062723c751e8b465ee728b)  -> (artifact id: 'd8d0140f4981c803fdda25f346d07e3b') in 0.011783 seconds
  Import took 0.016380 seconds .

========================================================================
Received Import Request.
  Time since last request: 0.000226 seconds.
  path: Assets/Models3D/virus/Materials/Pluton.png
  artifactKey: Guid(ce5b3c328ff891e479b9fd5710cfecb5) Importer(815301076,1909f56bfc062723c751e8b465ee728b)
Start importing Assets/Models3D/virus/Materials/Pluton.png using Guid(ce5b3c328ff891e479b9fd5710cfecb5) Importer(815301076,1909f56bfc062723c751e8b465ee728b)  -> (artifact id: '825ac53c492625e473ecf06fed2951b7') in 0.009942 seconds
  Import took 0.013542 seconds .

========================================================================
Received Import Request.
  Time since last request: 0.000168 seconds.
  path: Assets/Models3D/virus/Materials/Marte.png
  artifactKey: Guid(7bb933da1bf2404488ff91a7e01d2a6d) Importer(815301076,1909f56bfc062723c751e8b465ee728b)
Start importing Assets/Models3D/virus/Materials/Marte.png using Guid(7bb933da1bf2404488ff91a7e01d2a6d) Importer(815301076,1909f56bfc062723c751e8b465ee728b)  -> (artifact id: 'cad037dec6c924588d6b9671fbd3d834') in 0.010022 seconds
  Import took 0.012916 seconds .

========================================================================
Received Import Request.
  Time since last request: 0.000213 seconds.
  path: Assets/Models3D/virus/Materials/Saturno.png
  artifactKey: Guid(533284f8e32ee254db051a022c163720) Importer(815301076,1909f56bfc062723c751e8b465ee728b)
Start importing Assets/Models3D/virus/Materials/Saturno.png using Guid(533284f8e32ee254db051a022c163720) Importer(815301076,1909f56bfc062723c751e8b465ee728b)  -> (artifact id: 'eea273f2d8a3fc576e19ac272c6aaee2') in 0.012516 seconds
  Import took 0.014918 seconds .

========================================================================
Received Import Request.
  Time since last request: 0.000207 seconds.
  path: Assets/Models3D/virus/Materials/Urano.png
  artifactKey: Guid(09c4ac4967ded4d4586a5a653163d29a) Importer(815301076,1909f56bfc062723c751e8b465ee728b)
Start importing Assets/Models3D/virus/Materials/Urano.png using Guid(09c4ac4967ded4d4586a5a653163d29a) Importer(815301076,1909f56bfc062723c751e8b465ee728b)  -> (artifact id: '4dc0722b5217d639add076ed4b597eea') in 0.010761 seconds
  Import took 0.013315 seconds .

========================================================================
Received Import Request.
  Time since last request: 0.000144 seconds.
  path: Assets/Models3D/virus/Materials/Nepturno.png
  artifactKey: Guid(7d2f1aa3a9a59f4458d35da85edcf4de) Importer(815301076,1909f56bfc062723c751e8b465ee728b)
Start importing Assets/Models3D/virus/Materials/Nepturno.png using Guid(7d2f1aa3a9a59f4458d35da85edcf4de) Importer(815301076,1909f56bfc062723c751e8b465ee728b)  -> (artifact id: '13cf44b39d9e7f2969d25508e01a9e0a') in 0.009285 seconds
  Import took 0.011776 seconds .

========================================================================
Received Import Request.
  Time since last request: 380.029739 seconds.
  path: Assets/Models3D/virus/Materials/MatContorno.mat
  artifactKey: Guid(a5fdb7d2857ea944b99e9e13d563b425) Importer(815301076,1909f56bfc062723c751e8b465ee728b)
Start importing Assets/Models3D/virus/Materials/MatContorno.mat using Guid(a5fdb7d2857ea944b99e9e13d563b425) Importer(815301076,1909f56bfc062723c751e8b465ee728b)  -> (artifact id: 'e340079fc3a3375b8867b3e8ff55d650') in 0.037496 seconds
  Import took 0.040109 seconds .

========================================================================
Received Import Request.
  Time since last request: 0.000133 seconds.
  path: Assets/Models3D/virus/Materials/MatTierra.mat
  artifactKey: Guid(8fdb76b081f6108438e3dd9843dfc814) Importer(815301076,1909f56bfc062723c751e8b465ee728b)
Start importing Assets/Models3D/virus/Materials/MatTierra.mat using Guid(8fdb76b081f6108438e3dd9843dfc814) Importer(815301076,1909f56bfc062723c751e8b465ee728b)  -> (artifact id: '424637e0dfaa660c8c7b8ca581b02299') in 0.011172 seconds
  Import took 0.014010 seconds .

========================================================================
Received Import Request.
  Time since last request: 0.000144 seconds.
  path: Assets/Models3D/virus/Materials/MatPluton.mat
  artifactKey: Guid(eb0503d5d51722841b4b5a598b6a8a5e) Importer(815301076,1909f56bfc062723c751e8b465ee728b)
Start importing Assets/Models3D/virus/Materials/MatPluton.mat using Guid(eb0503d5d51722841b4b5a598b6a8a5e) Importer(815301076,1909f56bfc062723c751e8b465ee728b)  -> (artifact id: '372c1bbcbceb384a9091d2e4463ddafa') in 0.011674 seconds
  Import took 0.015128 seconds .

========================================================================
Received Import Request.
  Time since last request: 0.000226 seconds.
  path: Assets/Models3D/virus/Materials/MatJupiter.mat
  artifactKey: Guid(3df824c7e0eb42546888c46ac56f80f6) Importer(815301076,1909f56bfc062723c751e8b465ee728b)
Start importing Assets/Models3D/virus/Materials/MatJupiter.mat using Guid(3df824c7e0eb42546888c46ac56f80f6) Importer(815301076,1909f56bfc062723c751e8b465ee728b)  -> (artifact id: 'd609283ffc0cd9fff6f66e05466f9069') in 0.014177 seconds
  Import took 0.016824 seconds .

========================================================================
Received Import Request.
  Time since last request: 0.000189 seconds.
  path: Assets/Models3D/virus/Materials/MatUrano.mat
  artifactKey: Guid(7e540b427facd0941990cb164e28f8b8) Importer(815301076,1909f56bfc062723c751e8b465ee728b)
Start importing Assets/Models3D/virus/Materials/MatUrano.mat using Guid(7e540b427facd0941990cb164e28f8b8) Importer(815301076,1909f56bfc062723c751e8b465ee728b)  -> (artifact id: '1f672524c0662c43a9af40c0c18128a4') in 0.012436 seconds
  Import took 0.014890 seconds .

========================================================================
Received Import Request.
  Time since last request: 0.000168 seconds.
  path: Assets/Models3D/virus/Materials/MatMercurio.mat
  artifactKey: Guid(75797da328d3d904895a2dc19f6c47db) Importer(815301076,1909f56bfc062723c751e8b465ee728b)
Start importing Assets/Models3D/virus/Materials/MatMercurio.mat using Guid(75797da328d3d904895a2dc19f6c47db) Importer(815301076,1909f56bfc062723c751e8b465ee728b)  -> (artifact id: '2d70ee2649358c9f2b8708628a37b093') in 0.016386 seconds
  Import took 0.019071 seconds .

========================================================================
Received Import Request.
  Time since last request: 0.000184 seconds.
  path: Assets/Models3D/virus/Materials/MatMarte.mat
  artifactKey: Guid(c1d9745f550757743bd5c40bba49848b) Importer(815301076,1909f56bfc062723c751e8b465ee728b)
Start importing Assets/Models3D/virus/Materials/MatMarte.mat using Guid(c1d9745f550757743bd5c40bba49848b) Importer(815301076,1909f56bfc062723c751e8b465ee728b)  -> (artifact id: 'b3aa08453c50c4df42769c82df166136') in 0.013411 seconds
  Import took 0.015764 seconds .

========================================================================
Received Import Request.
  Time since last request: 0.000174 seconds.
  path: Assets/Models3D/virus/Materials/MatMercurio.mat
  artifactKey: Guid(75797da328d3d904895a2dc19f6c47db) Importer(815301076,1909f56bfc062723c751e8b465ee728b)
Start importing Assets/Models3D/virus/Materials/MatMercurio.mat using Guid(75797da328d3d904895a2dc19f6c47db) Importer(815301076,1909f56bfc062723c751e8b465ee728b)  -> (artifact id: '2d70ee2649358c9f2b8708628a37b093') in 0.012197 seconds
  Import took 0.014780 seconds .

========================================================================
Received Import Request.
  Time since last request: 0.000207 seconds.
  path: Assets/Models3D/virus/Materials/MatNepturno.mat
  artifactKey: Guid(bef0e86a7ae371f4086fd5849f8c4634) Importer(815301076,1909f56bfc062723c751e8b465ee728b)
Start importing Assets/Models3D/virus/Materials/MatNepturno.mat using Guid(bef0e86a7ae371f4086fd5849f8c4634) Importer(815301076,1909f56bfc062723c751e8b465ee728b)  -> (artifact id: 'fdd27a8ae52b986f92930822efb53b7a') in 0.017115 seconds
  Import took 0.020495 seconds .

========================================================================
Received Import Request.
  Time since last request: 0.000253 seconds.
  path: Assets/Models3D/virus/Materials/MatVenus.mat
  artifactKey: Guid(9360da3215c405346a06c28a86da1a3e) Importer(815301076,1909f56bfc062723c751e8b465ee728b)
Start importing Assets/Models3D/virus/Materials/MatVenus.mat using Guid(9360da3215c405346a06c28a86da1a3e) Importer(815301076,1909f56bfc062723c751e8b465ee728b)  -> (artifact id: '4ffdf5719112018b80ecdce23d5cdef3') in 0.014100 seconds
  Import took 0.017027 seconds .

========================================================================
Received Import Request.
  Time since last request: 0.001138 seconds.
  path: Assets/Models3D/virus/Materials/MatVenus.mat
  artifactKey: Guid(9360da3215c405346a06c28a86da1a3e) Importer(815301076,1909f56bfc062723c751e8b465ee728b)
Start importing Assets/Models3D/virus/Materials/MatVenus.mat using Guid(9360da3215c405346a06c28a86da1a3e) Importer(815301076,1909f56bfc062723c751e8b465ee728b)  -> (artifact id: '4ffdf5719112018b80ecdce23d5cdef3') in 0.019113 seconds
  Import took 0.022713 seconds .

========================================================================
Received Prepare
Registering precompiled user dll's ...
Registered in 0.000745 seconds.
Begin MonoManager ReloadAssembly
Native extension for WindowsStandalone target not found
Native extension for WebGL target not found
Refreshing native plugins compatible for Editor in 0.23 ms, found 0 plugins.
Preloading 0 native plugins for Editor in 0.00 ms.
Mono: successfully reloaded assembly
- Completed reload, in  0.723 seconds
Platform modules already initialized, skipping
Refreshing native plugins compatible for Editor in 0.32 ms, found 0 plugins.
Preloading 0 native plugins for Editor in 0.00 ms.
Unloading 1554 Unused Serialized files (Serialized files now loaded: 0)
System memory in use before: 76.8 MB.
System memory in use after: 76.9 MB.

Unloading 6 unused Assets to reduce memory usage. Loaded Objects now: 2070.
Total: 1.785300 ms (FindLiveObjects: 0.168000 ms CreateObjectMapping: 0.057800 ms MarkObjects: 1.509600 ms  DeleteObjects: 0.048700 ms)

========================================================================
Received Import Request.
  Time since last request: 72.518732 seconds.
  path: Assets/Models3D/virus/Materials/MatSaturno.mat
  artifactKey: Guid(d21ad5ea51777104a8d55f53d6469911) Importer(815301076,1909f56bfc062723c751e8b465ee728b)
Start importing Assets/Models3D/virus/Materials/MatSaturno.mat using Guid(d21ad5ea51777104a8d55f53d6469911) Importer(815301076,1909f56bfc062723c751e8b465ee728b)  -> (artifact id: '6c612dd63002dcafabbed6946fba7063') in 0.051268 seconds
  Import took 0.053514 seconds .

========================================================================
Received Import Request.
  Time since last request: 2387.234931 seconds.
  path: Assets/Scripts/MoveRandomly.cs
  artifactKey: Guid(a1b3859cca64a2142bdefdcde01b7d65) Importer(815301076,1909f56bfc062723c751e8b465ee728b)
Start importing Assets/Scripts/MoveRandomly.cs using Guid(a1b3859cca64a2142bdefdcde01b7d65) Importer(815301076,1909f56bfc062723c751e8b465ee728b)  -> (artifact id: 'f0c67a62e403c2ccd23ddcb1441661b3') in 0.016074 seconds
  Import took 0.020114 seconds .

========================================================================
Received Prepare
Registering precompiled user dll's ...
Registered in 0.000862 seconds.
Begin MonoManager ReloadAssembly
Native extension for WindowsStandalone target not found
Native extension for WebGL target not found
Refreshing native plugins compatible for Editor in 0.28 ms, found 0 plugins.
Preloading 0 native plugins for Editor in 0.00 ms.
Mono: successfully reloaded assembly
- Completed reload, in  1.018 seconds
Platform modules already initialized, skipping
Refreshing native plugins compatible for Editor in 0.25 ms, found 0 plugins.
Preloading 0 native plugins for Editor in 0.00 ms.
Unloading 1555 Unused Serialized files (Serialized files now loaded: 0)
System memory in use before: 76.9 MB.
System memory in use after: 77.0 MB.

Unloading 6 unused Assets to reduce memory usage. Loaded Objects now: 2075.
Total: 3.001700 ms (FindLiveObjects: 0.327700 ms CreateObjectMapping: 0.144800 ms MarkObjects: 2.459300 ms  DeleteObjects: 0.068700 ms)

========================================================================
Received Prepare
Registering precompiled user dll's ...
Registered in 0.000661 seconds.
Begin MonoManager ReloadAssembly
Native extension for WindowsStandalone target not found
Native extension for WebGL target not found
Refreshing native plugins compatible for Editor in 0.26 ms, found 0 plugins.
Preloading 0 native plugins for Editor in 0.00 ms.
Mono: successfully reloaded assembly
- Completed reload, in  0.711 seconds
Platform modules already initialized, skipping
Refreshing native plugins compatible for Editor in 0.24 ms, found 0 plugins.
Preloading 0 native plugins for Editor in 0.00 ms.
Unloading 1555 Unused Serialized files (Serialized files now loaded: 0)
System memory in use before: 76.9 MB.
System memory in use after: 77.0 MB.

Unloading 6 unused Assets to reduce memory usage. Loaded Objects now: 2078.
Total: 2.372300 ms (FindLiveObjects: 0.279000 ms CreateObjectMapping: 0.086600 ms MarkObjects: 1.928400 ms  DeleteObjects: 0.077000 ms)

========================================================================
Received Prepare
Registering precompiled user dll's ...
Registered in 0.000592 seconds.
Begin MonoManager ReloadAssembly
Native extension for WindowsStandalone target not found
Native extension for WebGL target not found
Refreshing native plugins compatible for Editor in 0.23 ms, found 0 plugins.
Preloading 0 native plugins for Editor in 0.00 ms.
Mono: successfully reloaded assembly
- Completed reload, in  0.701 seconds
Platform modules already initialized, skipping
Refreshing native plugins compatible for Editor in 0.24 ms, found 0 plugins.
Preloading 0 native plugins for Editor in 0.00 ms.
Unloading 1555 Unused Serialized files (Serialized files now loaded: 0)
System memory in use before: 76.9 MB.
System memory in use after: 77.0 MB.

Unloading 6 unused Assets to reduce memory usage. Loaded Objects now: 2081.
Total: 2.684700 ms (FindLiveObjects: 0.323900 ms CreateObjectMapping: 0.092300 ms MarkObjects: 2.205200 ms  DeleteObjects: 0.061300 ms)

========================================================================
Received Import Request.
  Time since last request: 1612.992787 seconds.
  path: Assets/Scripts/CloneVirus.cs
  artifactKey: Guid(b68744a03b2226042a9a11dedad4c4e7) Importer(815301076,1909f56bfc062723c751e8b465ee728b)
Start importing Assets/Scripts/CloneVirus.cs using Guid(b68744a03b2226042a9a11dedad4c4e7) Importer(815301076,1909f56bfc062723c751e8b465ee728b)  -> (artifact id: '7ae08f2249feec089c7f0e8620706eb0') in 0.007369 seconds
  Import took 0.009914 seconds .

========================================================================
Received Prepare
Registering precompiled user dll's ...
Registered in 0.000487 seconds.
Begin MonoManager ReloadAssembly
Native extension for WindowsStandalone target not found
Native extension for WebGL target not found
Refreshing native plugins compatible for Editor in 0.39 ms, found 0 plugins.
Preloading 0 native plugins for Editor in 0.00 ms.
Mono: successfully reloaded assembly
- Completed reload, in  0.814 seconds
Platform modules already initialized, skipping
Refreshing native plugins compatible for Editor in 0.23 ms, found 0 plugins.
Preloading 0 native plugins for Editor in 0.00 ms.
Unloading 1556 Unused Serialized files (Serialized files now loaded: 0)
System memory in use before: 76.9 MB.
System memory in use after: 77.0 MB.

Unloading 6 unused Assets to reduce memory usage. Loaded Objects now: 2085.
Total: 1.801500 ms (FindLiveObjects: 0.241700 ms CreateObjectMapping: 0.075900 ms MarkObjects: 1.436800 ms  DeleteObjects: 0.046300 ms)

========================================================================
Received Import Request.
  Time since last request: 11.909499 seconds.
  path: Assets/Scripts/MoveRandomly.cs
  artifactKey: Guid(a1b3859cca64a2142bdefdcde01b7d65) Importer(815301076,1909f56bfc062723c751e8b465ee728b)
Start importing Assets/Scripts/MoveRandomly.cs using Guid(a1b3859cca64a2142bdefdcde01b7d65) Importer(815301076,1909f56bfc062723c751e8b465ee728b)  -> (artifact id: '9d22deb71e961edd381dacdf5e437d6f') in 0.004267 seconds
  Import took 0.007490 seconds .

========================================================================
Received Import Request.
  Time since last request: 0.022653 seconds.
  path: Assets/Scripts/MoveRandomly.cs
  artifactKey: Guid(a1b3859cca64a2142bdefdcde01b7d65) Importer(815301076,1909f56bfc062723c751e8b465ee728b)
Start importing Assets/Scripts/MoveRandomly.cs using Guid(a1b3859cca64a2142bdefdcde01b7d65) Importer(815301076,1909f56bfc062723c751e8b465ee728b)  -> (artifact id: '9d22deb71e961edd381dacdf5e437d6f') in 0.002768 seconds
  Import took 0.006449 seconds .

========================================================================
Received Prepare
Registering precompiled user dll's ...
Registered in 0.000478 seconds.
Begin MonoManager ReloadAssembly
Native extension for WindowsStandalone target not found
Native extension for WebGL target not found
Refreshing native plugins compatible for Editor in 0.23 ms, found 0 plugins.
Preloading 0 native plugins for Editor in 0.00 ms.
Mono: successfully reloaded assembly
- Completed reload, in  0.713 seconds
Platform modules already initialized, skipping
Refreshing native plugins compatible for Editor in 0.23 ms, found 0 plugins.
Preloading 0 native plugins for Editor in 0.00 ms.
Unloading 1556 Unused Serialized files (Serialized files now loaded: 0)
System memory in use before: 76.9 MB.
System memory in use after: 77.0 MB.

Unloading 6 unused Assets to reduce memory usage. Loaded Objects now: 2088.
Total: 1.677400 ms (FindLiveObjects: 0.189800 ms CreateObjectMapping: 0.056700 ms MarkObjects: 1.384500 ms  DeleteObjects: 0.045000 ms)

========================================================================
Received Import Request.
  Time since last request: 83.768446 seconds.
  path: Assets/Scripts/CloneVirus.cs
  artifactKey: Guid(b68744a03b2226042a9a11dedad4c4e7) Importer(815301076,1909f56bfc062723c751e8b465ee728b)
Start importing Assets/Scripts/CloneVirus.cs using Guid(b68744a03b2226042a9a11dedad4c4e7) Importer(815301076,1909f56bfc062723c751e8b465ee728b)  -> (artifact id: 'cad3c9c76e97191ce138d35b06433c2b') in 0.004019 seconds
  Import took 0.006351 seconds .
=======
Unloading 12 unused Assets to reduce memory usage. Loaded Objects now: 2060.
Total: 3.441800 ms (FindLiveObjects: 0.256400 ms CreateObjectMapping: 0.090200 ms MarkObjects: 2.889000 ms  DeleteObjects: 0.200300 ms)

========================================================================
Received Import Request.
  path: Assets/New Terrain 1.asset
  artifactKey: Guid(2487e6e567222aa479c787e4f1268d65) Importer(815301076,1909f56bfc062723c751e8b465ee728b)
Start importing Assets/New Terrain 1.asset using Guid(2487e6e567222aa479c787e4f1268d65) Importer(815301076,1909f56bfc062723c751e8b465ee728b)  -> (artifact id: '2391007bf4a94feeb4d8336a914d4c66') in 1.323300 seconds
  Import took 1.448841 seconds .

========================================================================
Received Import Request.
  Time since last request: 1898.460794 seconds.
  path: Assets/Models3D/virus/Materials/Marte.png
  artifactKey: Guid(7bb933da1bf2404488ff91a7e01d2a6d) Importer(815301076,1909f56bfc062723c751e8b465ee728b)
Start importing Assets/Models3D/virus/Materials/Marte.png using Guid(7bb933da1bf2404488ff91a7e01d2a6d) Importer(815301076,1909f56bfc062723c751e8b465ee728b)  -> (artifact id: '8605c88e6cfdc19b7b4d4ea7242ebc12') in 0.283444 seconds
  Import took 0.453469 seconds .

========================================================================
Received Import Request.
  Time since last request: 36.574354 seconds.
  path: Assets/Samples/Terrain Tools/0.1.0-preview/Terrain Assets/TerrainLayers/sand.terrainlayer
  artifactKey: Guid(aa7afa2eb72909e4d8083508573d955f) Importer(815301076,1909f56bfc062723c751e8b465ee728b)
Start importing Assets/Samples/Terrain Tools/0.1.0-preview/Terrain Assets/TerrainLayers/sand.terrainlayer using Guid(aa7afa2eb72909e4d8083508573d955f) Importer(815301076,1909f56bfc062723c751e8b465ee728b)  -> (artifact id: '044d032e4066fd4adaaf94bffe6bb393') in 0.391424 seconds
  Import took 0.426351 seconds .

========================================================================
Received Import Request.
  Time since last request: 66.377187 seconds.
  path: Assets/Samples/Terrain Tools/0.1.0-preview/Terrain Assets/TerrainLayers/moss.terrainlayer
  artifactKey: Guid(56b2820651de357459e8d89d2b4f3f05) Importer(815301076,1909f56bfc062723c751e8b465ee728b)
Start importing Assets/Samples/Terrain Tools/0.1.0-preview/Terrain Assets/TerrainLayers/moss.terrainlayer using Guid(56b2820651de357459e8d89d2b4f3f05) Importer(815301076,1909f56bfc062723c751e8b465ee728b)  -> (artifact id: 'b8c2e9396f342c0712ba4217ba618105') in 0.531826 seconds
  Import took 0.571831 seconds .

========================================================================
Received Import Request.
  Time since last request: 22.235311 seconds.
  path: Assets/Samples/Terrain Tools/0.1.0-preview
  artifactKey: Guid(1fbd36712a4226f4586bce3fe8563058) Importer(815301076,1909f56bfc062723c751e8b465ee728b)
Start importing Assets/Samples/Terrain Tools/0.1.0-preview using Guid(1fbd36712a4226f4586bce3fe8563058) Importer(815301076,1909f56bfc062723c751e8b465ee728b)  -> (artifact id: '86358af7c3cb33d63ee1bdd8b8f84283') in 0.100497 seconds
  Import took 0.110402 seconds .

========================================================================
Received Import Request.
  Time since last request: 0.874427 seconds.
  path: Assets/Samples/Terrain Tools/0.1.0-preview/Terrain Assets
  artifactKey: Guid(b460c6620e1e56d4fb567b762fd4ceb8) Importer(815301076,1909f56bfc062723c751e8b465ee728b)
Start importing Assets/Samples/Terrain Tools/0.1.0-preview/Terrain Assets using Guid(b460c6620e1e56d4fb567b762fd4ceb8) Importer(815301076,1909f56bfc062723c751e8b465ee728b)  -> (artifact id: '5e26aff54dbd09a2d8e10621c2672317') in 0.014981 seconds
  Import took 0.092583 seconds .

========================================================================
Received Import Request.
  Time since last request: 3.527378 seconds.
  path: Assets/Samples/Terrain Tools/0.1.0-preview/Terrain Assets/TerrainLayers
  artifactKey: Guid(8e20acebdea53ef48834fdda56653c96) Importer(815301076,1909f56bfc062723c751e8b465ee728b)
Start importing Assets/Samples/Terrain Tools/0.1.0-preview/Terrain Assets/TerrainLayers using Guid(8e20acebdea53ef48834fdda56653c96) Importer(815301076,1909f56bfc062723c751e8b465ee728b)  -> (artifact id: 'a9bd3a1d636e9dd989d0be4fe896515c') in 0.023425 seconds
  Import took 0.086810 seconds .

========================================================================
Received Import Request.
  Time since last request: 4.887692 seconds.
  path: Assets/New Terrain 2.asset
  artifactKey: Guid(32ca0b8101a91b04497adcf63d317158) Importer(815301076,1909f56bfc062723c751e8b465ee728b)
Start importing Assets/New Terrain 2.asset using Guid(32ca0b8101a91b04497adcf63d317158) Importer(815301076,1909f56bfc062723c751e8b465ee728b)  -> (artifact id: '07b64c6b7622beba6af9db3cfd2ac5c9') in 0.108609 seconds
  Import took 0.139774 seconds .

========================================================================
Received Import Request.
  Time since last request: 2.964957 seconds.
  path: Assets/MarteTerrain.unity
  artifactKey: Guid(8bacce09eb0ff7e42b84d1065d5e73e3) Importer(815301076,1909f56bfc062723c751e8b465ee728b)
Start importing Assets/MarteTerrain.unity using Guid(8bacce09eb0ff7e42b84d1065d5e73e3) Importer(815301076,1909f56bfc062723c751e8b465ee728b)  -> (artifact id: '47376566ceea10ce9b353134e353819c') in 0.117854 seconds
  Import took 0.138903 seconds .

========================================================================
Received Import Request.
  Time since last request: 119.372578 seconds.
  path: Assets/Tom's Terrain Tools/Unity Terrain Assets/Textures/Sand (Beach).jpg
  artifactKey: Guid(58e0577615c6d407a81c5d0c67459545) Importer(815301076,1909f56bfc062723c751e8b465ee728b)
Start importing Assets/Tom's Terrain Tools/Unity Terrain Assets/Textures/Sand (Beach).jpg using Guid(58e0577615c6d407a81c5d0c67459545) Importer(815301076,1909f56bfc062723c751e8b465ee728b)  -> (artifact id: '95ae6a261e08732d4e02804e35a44497') in 0.113283 seconds
  Import took 0.137890 seconds .

========================================================================
Received Import Request.
  Time since last request: 249.213579 seconds.
  path: Assets/Samples/Terrain Tools/0.1.0-preview/Terrain Assets/TerrainTextures/moss_albedo.tif
  artifactKey: Guid(43b54d39e0a4c4d47bef645abec127f1) Importer(815301076,1909f56bfc062723c751e8b465ee728b)
Start importing Assets/Samples/Terrain Tools/0.1.0-preview/Terrain Assets/TerrainTextures/moss_albedo.tif using Guid(43b54d39e0a4c4d47bef645abec127f1) Importer(815301076,1909f56bfc062723c751e8b465ee728b)  -> (artifact id: '8e6c9b813c2c3cd097e101ffb3820141') in 0.173280 seconds
  Import took 0.206696 seconds .

========================================================================
Received Import Request.
  Time since last request: 1356.377887 seconds.
  path: Assets/Skybox/mars3.jpg
  artifactKey: Guid(106579b353ce0454fad1a833600693c5) Importer(815301076,1909f56bfc062723c751e8b465ee728b)
Start importing Assets/Skybox/mars3.jpg using Guid(106579b353ce0454fad1a833600693c5) Importer(815301076,1909f56bfc062723c751e8b465ee728b)  -> (artifact id: '7c9143e21ac29b31c41a1d6bd8f1c46c') in 0.662932 seconds
  Import took 0.708626 seconds .

========================================================================
Received Import Request.
  Time since last request: 13.081287 seconds.
  path: Assets/Skybox/mars3.jpg
  artifactKey: Guid(106579b353ce0454fad1a833600693c5) Importer(815301076,1909f56bfc062723c751e8b465ee728b)
Start importing Assets/Skybox/mars3.jpg using Guid(106579b353ce0454fad1a833600693c5) Importer(815301076,1909f56bfc062723c751e8b465ee728b)  -> (artifact id: '298473e544803138a1efa8544d464629') in 8.257146 seconds
  Import took 8.301079 seconds .

========================================================================
Received Import Request.
  Time since last request: 7.877008 seconds.
  path: Assets/Skybox/skyMars.mat
  artifactKey: Guid(ee52f487653305c49a0650bbfed134cf) Importer(815301076,1909f56bfc062723c751e8b465ee728b)
Start importing Assets/Skybox/skyMars.mat using Guid(ee52f487653305c49a0650bbfed134cf) Importer(815301076,1909f56bfc062723c751e8b465ee728b)  -> (artifact id: '9ab3827521db05ff8c907937e573d11b') in 1.091345 seconds
  Import took 1.121826 seconds .

========================================================================
Received Import Request.
  Time since last request: 71.459489 seconds.
  path: Assets/Skybox/skyMars.mat
  artifactKey: Guid(ee52f487653305c49a0650bbfed134cf) Importer(815301076,1909f56bfc062723c751e8b465ee728b)
Start importing Assets/Skybox/skyMars.mat using Guid(ee52f487653305c49a0650bbfed134cf) Importer(815301076,1909f56bfc062723c751e8b465ee728b)  -> (artifact id: 'c775e73c2924336478f50bf3eeae7d3c') in 0.251894 seconds
  Import took 0.395848 seconds .

========================================================================
Received Import Request.
  Time since last request: 2.000751 seconds.
  path: Assets/New Terrain 2.asset
  artifactKey: Guid(32ca0b8101a91b04497adcf63d317158) Importer(815301076,1909f56bfc062723c751e8b465ee728b)
Start importing Assets/New Terrain 2.asset using Guid(32ca0b8101a91b04497adcf63d317158) Importer(815301076,1909f56bfc062723c751e8b465ee728b)  -> (artifact id: '01bcfa2d0e8c01c012a68d5aa0153178') in 0.153226 seconds
  Import took 0.203107 seconds .

========================================================================
Received Import Request.
  Time since last request: 0.000491 seconds.
  path: Assets/NewLayer.terrainlayer
  artifactKey: Guid(6952011b103414b44b92fdeb9bb8b6e8) Importer(815301076,1909f56bfc062723c751e8b465ee728b)
Start importing Assets/NewLayer.terrainlayer using Guid(6952011b103414b44b92fdeb9bb8b6e8) Importer(815301076,1909f56bfc062723c751e8b465ee728b)  -> (artifact id: '636c3c6668a7d72214ddb78b07f553c0') in 0.221378 seconds
  Import took 0.257343 seconds .

========================================================================
Received Import Request.
  Time since last request: 146.096178 seconds.
  path: Assets/New Terrain 3.asset
  artifactKey: Guid(560d8de6c4b926d47b3a968d65136f41) Importer(815301076,1909f56bfc062723c751e8b465ee728b)
Start importing Assets/New Terrain 3.asset using Guid(560d8de6c4b926d47b3a968d65136f41) Importer(815301076,1909f56bfc062723c751e8b465ee728b)  -> (artifact id: 'ac226a09cabef2f7ff098b8fd5222cab') in 0.065013 seconds
  Import took 0.118063 seconds .

========================================================================
Received Import Request.
  Time since last request: 1586.716924 seconds.
  path: Assets/Skybox/saturno.jpg
  artifactKey: Guid(7d90548e4c242624197c680d23d451ac) Importer(815301076,1909f56bfc062723c751e8b465ee728b)
Start importing Assets/Skybox/saturno.jpg using Guid(7d90548e4c242624197c680d23d451ac) Importer(815301076,1909f56bfc062723c751e8b465ee728b)  -> (artifact id: 'fec589c71de76c54b6765fca51460996') in 0.221005 seconds
  Import took 0.345069 seconds .

========================================================================
Received Import Request.
  Time since last request: 9.622111 seconds.
  path: Assets/Skybox/saturno.jpg
  artifactKey: Guid(7d90548e4c242624197c680d23d451ac) Importer(815301076,1909f56bfc062723c751e8b465ee728b)
Start importing Assets/Skybox/saturno.jpg using Guid(7d90548e4c242624197c680d23d451ac) Importer(815301076,1909f56bfc062723c751e8b465ee728b)  -> (artifact id: '9610bce60aa25fe577cdcf203a488967') in 0.225432 seconds
  Import took 0.285984 seconds .

========================================================================
Received Import Request.
  Time since last request: 12.711242 seconds.
  path: Assets/Skybox/skySaturno.mat
  artifactKey: Guid(404d1cf073643a249bb90c5c1e873507) Importer(815301076,1909f56bfc062723c751e8b465ee728b)
Start importing Assets/Skybox/skySaturno.mat using Guid(404d1cf073643a249bb90c5c1e873507) Importer(815301076,1909f56bfc062723c751e8b465ee728b)  -> (artifact id: 'bed462b5a63781f69ff26bec268e2ae5') in 0.108052 seconds
  Import took 0.169076 seconds .

========================================================================
Received Import Request.
  Time since last request: 176.050702 seconds.
  path: Assets/Skybox/skySaturno.mat
  artifactKey: Guid(404d1cf073643a249bb90c5c1e873507) Importer(815301076,1909f56bfc062723c751e8b465ee728b)
Start importing Assets/Skybox/skySaturno.mat using Guid(404d1cf073643a249bb90c5c1e873507) Importer(815301076,1909f56bfc062723c751e8b465ee728b)  -> (artifact id: '53edd343573a9a17e57485f9654573f9') in 0.139911 seconds
  Import took 0.356971 seconds .

========================================================================
Received Import Request.
  Time since last request: 39.834470 seconds.
  path: Assets/Scenes/MarteTerrain.unity
  artifactKey: Guid(ae559c93332e89440a3870e9624ec8f9) Importer(815301076,1909f56bfc062723c751e8b465ee728b)
Start importing Assets/Scenes/MarteTerrain.unity using Guid(ae559c93332e89440a3870e9624ec8f9) Importer(815301076,1909f56bfc062723c751e8b465ee728b)  -> (artifact id: 'b910a62f1536f3352d1fb284c31a4dc3') in 0.028197 seconds
  Import took 0.068625 seconds .

========================================================================
Received Import Request.
  Time since last request: 1.214422 seconds.
  path: Assets/Scenes/NeptunoTerrain.unity
  artifactKey: Guid(dc166cabc74811c4b871bc0c9cf26059) Importer(815301076,1909f56bfc062723c751e8b465ee728b)
Start importing Assets/Scenes/NeptunoTerrain.unity using Guid(dc166cabc74811c4b871bc0c9cf26059) Importer(815301076,1909f56bfc062723c751e8b465ee728b)  -> (artifact id: 'f71d38951d9a4ba573094a3a7c1c77f1') in 0.032169 seconds
  Import took 0.114544 seconds .

========================================================================
Received Import Request.
  Time since last request: 0.645258 seconds.
  path: Assets/Scenes/SaturnoTerrainScene.unity
  artifactKey: Guid(44bd6edec12c83a43a5b262a09b7cdec) Importer(815301076,1909f56bfc062723c751e8b465ee728b)
Start importing Assets/Scenes/SaturnoTerrainScene.unity using Guid(44bd6edec12c83a43a5b262a09b7cdec) Importer(815301076,1909f56bfc062723c751e8b465ee728b)  -> (artifact id: 'd3b357daf8774abb13681007903c546b') in 0.101187 seconds
  Import took 0.166345 seconds .

========================================================================
Received Import Request.
  Time since last request: 0.332452 seconds.
  path: Assets/Scenes/UranoTerrain.unity
  artifactKey: Guid(d0bb9c0549748664bb9b47f926bf1d30) Importer(815301076,1909f56bfc062723c751e8b465ee728b)
Start importing Assets/Scenes/UranoTerrain.unity using Guid(d0bb9c0549748664bb9b47f926bf1d30) Importer(815301076,1909f56bfc062723c751e8b465ee728b)  -> (artifact id: '1e10affbe665a2ea96506bc1988c6ba9') in 0.037602 seconds
  Import took 0.087873 seconds .

========================================================================
Received Import Request.
  Time since last request: 409.988078 seconds.
  path: Assets/Samples/Terrain Tools/0.1.0-preview/Terrain Assets/TerrainBrushes/terrainstamp_ridge01.brush
  artifactKey: Guid(776f9b3da89f9394cac9a53aab9a5eb5) Importer(815301076,1909f56bfc062723c751e8b465ee728b)
Start importing Assets/Samples/Terrain Tools/0.1.0-preview/Terrain Assets/TerrainBrushes/terrainstamp_ridge01.brush using Guid(776f9b3da89f9394cac9a53aab9a5eb5) Importer(815301076,1909f56bfc062723c751e8b465ee728b)  -> (artifact id: 'dbce404a15cc1b4f45953684118b1897') in 1.212527 seconds
  Import took 1.272889 seconds .

========================================================================
Received Import Request.
  Time since last request: 0.903913 seconds.
  path: Assets/Samples/Terrain Tools/0.1.0-preview/Terrain Assets/TerrainBrushes/terrainstamp_ridge05.brush
  artifactKey: Guid(014d61beb3975e849b26bc42fbf17b42) Importer(815301076,1909f56bfc062723c751e8b465ee728b)
Start importing Assets/Samples/Terrain Tools/0.1.0-preview/Terrain Assets/TerrainBrushes/terrainstamp_ridge05.brush using Guid(014d61beb3975e849b26bc42fbf17b42) Importer(815301076,1909f56bfc062723c751e8b465ee728b)  -> (artifact id: '912c09cb8c9a0bae6ec9e2f6379b95bb') in 0.941337 seconds
  Import took 0.970843 seconds .

========================================================================
Received Import Request.
  Time since last request: 0.206819 seconds.
  path: Assets/Samples/Terrain Tools/0.1.0-preview/Terrain Assets/TerrainBrushes/terrainstamp_ridge06.brush
  artifactKey: Guid(24a7eabe2ad91f84fbf3a7ecf7b532b6) Importer(815301076,1909f56bfc062723c751e8b465ee728b)
Start importing Assets/Samples/Terrain Tools/0.1.0-preview/Terrain Assets/TerrainBrushes/terrainstamp_ridge06.brush using Guid(24a7eabe2ad91f84fbf3a7ecf7b532b6) Importer(815301076,1909f56bfc062723c751e8b465ee728b)  -> (artifact id: '1361edb3bc9fb7108c705f87f5c9d155') in 0.115661 seconds
  Import took 0.160776 seconds .

========================================================================
Received Import Request.
  Time since last request: 2.684748 seconds.
  path: Assets/Samples/Terrain Tools/0.1.0-preview/Terrain Assets/TerrainBrushes/terrainstamp_mountain07.brush
  artifactKey: Guid(6f360df90c5a57042ba4b09cb3249ffc) Importer(815301076,1909f56bfc062723c751e8b465ee728b)
Start importing Assets/Samples/Terrain Tools/0.1.0-preview/Terrain Assets/TerrainBrushes/terrainstamp_mountain07.brush using Guid(6f360df90c5a57042ba4b09cb3249ffc) Importer(815301076,1909f56bfc062723c751e8b465ee728b)  -> (artifact id: 'b97db1aab82c1e76098fa6b427bbcab4') in 0.178678 seconds
  Import took 0.201891 seconds .

========================================================================
Received Import Request.
  Time since last request: 0.596426 seconds.
  path: Assets/Samples/Terrain Tools/0.1.0-preview/Terrain Assets/TerrainBrushes/terrainstamp_mountain06.brush
  artifactKey: Guid(1f59549ee2c7eab4d833e1b9cd1bb76b) Importer(815301076,1909f56bfc062723c751e8b465ee728b)
Start importing Assets/Samples/Terrain Tools/0.1.0-preview/Terrain Assets/TerrainBrushes/terrainstamp_mountain06.brush using Guid(1f59549ee2c7eab4d833e1b9cd1bb76b) Importer(815301076,1909f56bfc062723c751e8b465ee728b)  -> (artifact id: 'b8e15c8f0309775bc3898d078c67a11b') in 0.198101 seconds
  Import took 0.207546 seconds .

========================================================================
Received Import Request.
  Time since last request: 0.560459 seconds.
  path: Assets/Samples/Terrain Tools/0.1.0-preview/Terrain Assets/TerrainBrushes/terrainstamp_mountain04.brush
  artifactKey: Guid(84399f7e9c8b199478532ded97f1ed9b) Importer(815301076,1909f56bfc062723c751e8b465ee728b)
Start importing Assets/Samples/Terrain Tools/0.1.0-preview/Terrain Assets/TerrainBrushes/terrainstamp_mountain04.brush using Guid(84399f7e9c8b199478532ded97f1ed9b) Importer(815301076,1909f56bfc062723c751e8b465ee728b)  -> (artifact id: 'ec33911140b4955331469398264782d5') in 0.155889 seconds
  Import took 0.196499 seconds .

========================================================================
Received Import Request.
  Time since last request: 238.330589 seconds.
  path: Assets/_TerrainAutoUpgrade/layer_SandAlbedo3d3aba195e4d26ee.terrainlayer
  artifactKey: Guid(3c93c3aa236319245bcd7760e1693e3e) Importer(815301076,1909f56bfc062723c751e8b465ee728b)
Start importing Assets/_TerrainAutoUpgrade/layer_SandAlbedo3d3aba195e4d26ee.terrainlayer using Guid(3c93c3aa236319245bcd7760e1693e3e) Importer(815301076,1909f56bfc062723c751e8b465ee728b)  -> (artifact id: '8e216813de6f71304f2ae203531d8893') in 0.203450 seconds
  Import took 0.231617 seconds .

========================================================================
Received Import Request.
  Time since last request: 237.642337 seconds.
  path: Assets/New Terrain 2.asset
  artifactKey: Guid(c6f00d843577ec945a5d5a7c8a5b145f) Importer(815301076,1909f56bfc062723c751e8b465ee728b)
Start importing Assets/New Terrain 2.asset using Guid(c6f00d843577ec945a5d5a7c8a5b145f) Importer(815301076,1909f56bfc062723c751e8b465ee728b)  -> (artifact id: '45b752eb14e18d5e693b60e69e47ed1b') in 0.132833 seconds
  Import took 0.557764 seconds .

========================================================================
Received Import Request.
  Time since last request: 469.612416 seconds.
  path: Assets/New Terrain 3.asset
  artifactKey: Guid(b62a975c3727e1e4ea03e84bf576b4cb) Importer(815301076,1909f56bfc062723c751e8b465ee728b)
Start importing Assets/New Terrain 3.asset using Guid(b62a975c3727e1e4ea03e84bf576b4cb) Importer(815301076,1909f56bfc062723c751e8b465ee728b)  -> (artifact id: '4699a0ea9dbe4293c0f234b245674e79') in 0.145877 seconds
  Import took 0.176756 seconds .
>>>>>>> PlanetsTerrains

========================================================================
Received Prepare
Registering precompiled user dll's ...
<<<<<<< HEAD
Registered in 0.000527 seconds.
Begin MonoManager ReloadAssembly
Native extension for WindowsStandalone target not found
Native extension for WebGL target not found
Refreshing native plugins compatible for Editor in 0.25 ms, found 0 plugins.
Preloading 0 native plugins for Editor in 0.00 ms.
Mono: successfully reloaded assembly
- Completed reload, in  0.733 seconds
Platform modules already initialized, skipping
Refreshing native plugins compatible for Editor in 0.25 ms, found 0 plugins.
Preloading 0 native plugins for Editor in 0.00 ms.
Unloading 1556 Unused Serialized files (Serialized files now loaded: 0)
System memory in use before: 76.9 MB.
System memory in use after: 77.0 MB.

Unloading 6 unused Assets to reduce memory usage. Loaded Objects now: 2091.
Total: 2.433400 ms (FindLiveObjects: 0.291300 ms CreateObjectMapping: 0.120400 ms MarkObjects: 1.929500 ms  DeleteObjects: 0.090800 ms)

========================================================================
Received Prepare
Registering precompiled user dll's ...
Registered in 0.000643 seconds.
Begin MonoManager ReloadAssembly
Native extension for WindowsStandalone target not found
Native extension for WebGL target not found
Refreshing native plugins compatible for Editor in 0.25 ms, found 0 plugins.
Preloading 0 native plugins for Editor in 0.00 ms.
Mono: successfully reloaded assembly
- Completed reload, in  0.770 seconds
Platform modules already initialized, skipping
Refreshing native plugins compatible for Editor in 0.23 ms, found 0 plugins.
Preloading 0 native plugins for Editor in 0.00 ms.
Unloading 1556 Unused Serialized files (Serialized files now loaded: 0)
System memory in use before: 77.0 MB.
System memory in use after: 77.0 MB.

Unloading 6 unused Assets to reduce memory usage. Loaded Objects now: 2094.
Total: 1.943000 ms (FindLiveObjects: 0.273100 ms CreateObjectMapping: 0.089000 ms MarkObjects: 1.532900 ms  DeleteObjects: 0.047000 ms)

========================================================================
Received Prepare
Registering precompiled user dll's ...
Registered in 0.000499 seconds.
Begin MonoManager ReloadAssembly
Native extension for WindowsStandalone target not found
Native extension for WebGL target not found
Refreshing native plugins compatible for Editor in 0.26 ms, found 0 plugins.
Preloading 0 native plugins for Editor in 0.00 ms.
Mono: successfully reloaded assembly
- Completed reload, in  0.751 seconds
Platform modules already initialized, skipping
Refreshing native plugins compatible for Editor in 0.25 ms, found 0 plugins.
Preloading 0 native plugins for Editor in 0.00 ms.
Unloading 1556 Unused Serialized files (Serialized files now loaded: 0)
System memory in use before: 77.0 MB.
System memory in use after: 77.0 MB.

Unloading 6 unused Assets to reduce memory usage. Loaded Objects now: 2097.
Total: 2.013500 ms (FindLiveObjects: 0.255000 ms CreateObjectMapping: 0.088000 ms MarkObjects: 1.612300 ms  DeleteObjects: 0.057200 ms)

========================================================================
Received Prepare
Registering precompiled user dll's ...
Registered in 0.000662 seconds.
Begin MonoManager ReloadAssembly
Native extension for WindowsStandalone target not found
Native extension for WebGL target not found
Refreshing native plugins compatible for Editor in 0.28 ms, found 0 plugins.
Preloading 0 native plugins for Editor in 0.00 ms.
Mono: successfully reloaded assembly
- Completed reload, in  0.831 seconds
Platform modules already initialized, skipping
Refreshing native plugins compatible for Editor in 0.24 ms, found 0 plugins.
Preloading 0 native plugins for Editor in 0.00 ms.
Unloading 1556 Unused Serialized files (Serialized files now loaded: 0)
System memory in use before: 77.0 MB.
System memory in use after: 77.0 MB.

Unloading 6 unused Assets to reduce memory usage. Loaded Objects now: 2100.
Total: 1.730200 ms (FindLiveObjects: 0.191900 ms CreateObjectMapping: 0.066600 ms MarkObjects: 1.426300 ms  DeleteObjects: 0.044600 ms)
=======
Registered in 0.084278 seconds.
Begin MonoManager ReloadAssembly
Native extension for WindowsStandalone target not found
Native extension for WebGL target not found
Refreshing native plugins compatible for Editor in 0.89 ms, found 0 plugins.
Preloading 0 native plugins for Editor in 0.00 ms.
Mono: successfully reloaded assembly
- Completed reload, in 11.311 seconds
Platform modules already initialized, skipping
Refreshing native plugins compatible for Editor in 0.79 ms, found 0 plugins.
Preloading 0 native plugins for Editor in 0.00 ms.
Unloading 1573 Unused Serialized files (Serialized files now loaded: 0)
System memory in use before: 103.4 MB.
System memory in use after: 103.5 MB.

Unloading 6 unused Assets to reduce memory usage. Loaded Objects now: 2118.
Total: 18.707500 ms (FindLiveObjects: 0.891100 ms CreateObjectMapping: 0.955000 ms MarkObjects: 16.339800 ms  DeleteObjects: 0.512700 ms)
>>>>>>> PlanetsTerrains

AssetImportWorkerClient::OnTransportError - code=2 error=End of file
