Using pre-set license
Built from '2020.3/staging' branch; Version is '2020.3.6f1 (338bb68529b2) revision 3378102'; Using compiler version '192528614'; Build Type 'Release'
OS: 'Windows 10 Home Single Language; OS build 19043.1415; Version 2009; 64bit' Language: 'es' Physical Memory: 8090 MB
BatchMode: 1, IsHumanControllingUs: 0, StartBugReporterOnCrash: 0, Is64bit: 1, IsPro: 0

 COMMAND LINE ARGUMENTS:
C:\Program Files\Unity\Hub\Editor\2020.3.6f1\Editor\Unity.exe
-adb2
-batchMode
-noUpm
-name
AssetImportWorker2
-projectPath
C:/Users/frAnz/Desktop/Dise単o de juego/space-game/space-game-unsa
-logFile
Logs/AssetImportWorker2.log
-srvPort
49631
Successfully changed project path to: C:/Users/frAnz/Desktop/Dise単o de juego/space-game/space-game-unsa
C:/Users/frAnz/Desktop/Dise単o de juego/space-game/space-game-unsa
Using Asset Import Pipeline V2.
Refreshing native plugins compatible for Editor in 72.42 ms, found 0 plugins.
Preloading 0 native plugins for Editor in 0.00 ms.
Initialize engine version: 2020.3.6f1 (338bb68529b2)
[Subsystems] Discovering subsystems at path C:/Program Files/Unity/Hub/Editor/2020.3.6f1/Editor/Data/Resources/UnitySubsystems
[Subsystems] Discovering subsystems at path C:/Users/frAnz/Desktop/Dise単o de juego/space-game/space-game-unsa/Assets
GfxDevice: creating device client; threaded=0
Direct3D:
    Version:  Direct3D 11.0 [level 11.1]
    Renderer: AMD Radeon (TM) R5 M330 (ID=0x6660)
    Vendor:   
    VRAM:     2039 MB
    Driver:   27.20.14501.18003
Initialize mono
Mono path[0] = 'C:/Program Files/Unity/Hub/Editor/2020.3.6f1/Editor/Data/Managed'
Mono path[1] = 'C:/Program Files/Unity/Hub/Editor/2020.3.6f1/Editor/Data/MonoBleedingEdge/lib/mono/unityjit'
Mono config path = 'C:/Program Files/Unity/Hub/Editor/2020.3.6f1/Editor/Data/MonoBleedingEdge/etc'
Using monoOptions --debugger-agent=transport=dt_socket,embedding=1,server=y,suspend=n,address=127.0.0.1:56660
Begin MonoManager ReloadAssembly
Registering precompiled unity dll's ...
Register platform support module: C:/Program Files/Unity/Hub/Editor/2020.3.6f1/Editor/Data/PlaybackEngines/WebGLSupport/UnityEditor.WebGL.Extensions.dll
Register platform support module: C:/Program Files/Unity/Hub/Editor/2020.3.6f1/Editor/Data/PlaybackEngines/WindowsStandaloneSupport/UnityEditor.WindowsStandalone.Extensions.dll
Registered in 0.005175 seconds.
Native extension for WindowsStandalone target not found
Native extension for WebGL target not found
Refreshing native plugins compatible for Editor in 135.34 ms, found 0 plugins.
Preloading 0 native plugins for Editor in 0.00 ms.
Mono: successfully reloaded assembly
- Completed reload, in  4.513 seconds
Platform modules already initialized, skipping
Registering precompiled user dll's ...
Registered in 0.002982 seconds.
Begin MonoManager ReloadAssembly
Native extension for WindowsStandalone target not found
Native extension for WebGL target not found
Refreshing native plugins compatible for Editor in 84.25 ms, found 0 plugins.
Preloading 0 native plugins for Editor in 0.00 ms.
Mono: successfully reloaded assembly
- Completed reload, in  3.688 seconds
Platform modules already initialized, skipping
========================================================================
Worker process is ready to serve import requests
Launched and connected shader compiler UnityShaderCompiler.exe after 0.44 seconds
Refreshing native plugins compatible for Editor in 1.30 ms, found 0 plugins.
Preloading 0 native plugins for Editor in 0.00 ms.
Unloading 1581 Unused Serialized files (Serialized files now loaded: 0)
System memory in use before: 99.9 MB.
System memory in use after: 99.9 MB.

Unloading 12 unused Assets to reduce memory usage. Loaded Objects now: 2060.
Total: 10.095100 ms (FindLiveObjects: 0.432800 ms CreateObjectMapping: 0.184100 ms MarkObjects: 8.823200 ms  DeleteObjects: 0.647600 ms)

========================================================================
Received Import Request.
  path: Assets/New Terrain 1.asset
  artifactKey: Guid(2487e6e567222aa479c787e4f1268d65) Importer(815301076,1909f56bfc062723c751e8b465ee728b)
Start importing Assets/New Terrain 1.asset using Guid(2487e6e567222aa479c787e4f1268d65) Importer(815301076,1909f56bfc062723c751e8b465ee728b)  -> (artifact id: 'b7a7d896ed21627a2918b15fee63f29b') in 0.647677 seconds
  Import took 0.785661 seconds .

========================================================================
Received Import Request.
  Time since last request: 0.000957 seconds.
  path: Assets/New Terrain.asset
  artifactKey: Guid(8ae2e8e3d64b50a48bf5a260413aeede) Importer(815301076,1909f56bfc062723c751e8b465ee728b)
Start importing Assets/New Terrain.asset using Guid(8ae2e8e3d64b50a48bf5a260413aeede) Importer(815301076,1909f56bfc062723c751e8b465ee728b)  -> (artifact id: '31080c8c9f5c3beba9bb0bfea72c1e14') in 0.972588 seconds
  Import took 1.011523 seconds .

========================================================================
Received Import Request.
  Time since last request: 440.651961 seconds.
  path: Assets/Samples/Terrain Tools/0.1.0-preview/Terrain Assets/TerrainTextures/snow_albedo.tif
  artifactKey: Guid(0cc0777f7d4a3444380eb084d74396b5) Importer(815301076,1909f56bfc062723c751e8b465ee728b)
Start importing Assets/Samples/Terrain Tools/0.1.0-preview/Terrain Assets/TerrainTextures/snow_albedo.tif using Guid(0cc0777f7d4a3444380eb084d74396b5) Importer(815301076,1909f56bfc062723c751e8b465ee728b)  -> (artifact id: '9f55999cc6a442fe5093d69042a237d5') in 0.398143 seconds
  Import took 0.431192 seconds .

========================================================================
Received Import Request.
  Time since last request: 45.646493 seconds.
  path: Assets/Samples/Terrain Tools/0.1.0-preview/Terrain Assets/TerrainLayers/snow.terrainlayer
  artifactKey: Guid(34a7124a250b6314f803cba5555e7faa) Importer(815301076,1909f56bfc062723c751e8b465ee728b)
Start importing Assets/Samples/Terrain Tools/0.1.0-preview/Terrain Assets/TerrainLayers/snow.terrainlayer using Guid(34a7124a250b6314f803cba5555e7faa) Importer(815301076,1909f56bfc062723c751e8b465ee728b)  -> (artifact id: 'fa200823d4f0874b2ede732e3ca3b505') in 0.223037 seconds
  Import took 0.288367 seconds .

========================================================================
Received Import Request.
  Time since last request: 15.783408 seconds.
  path: Assets/Samples/Terrain Tools/0.1.0-preview/Terrain Assets/TerrainBrushes/terrainstamp_erode01.brush
  artifactKey: Guid(7ee3d567366c781458dc63f069654dff) Importer(815301076,1909f56bfc062723c751e8b465ee728b)
Start importing Assets/Samples/Terrain Tools/0.1.0-preview/Terrain Assets/TerrainBrushes/terrainstamp_erode01.brush using Guid(7ee3d567366c781458dc63f069654dff) Importer(815301076,1909f56bfc062723c751e8b465ee728b)  -> (artifact id: 'ff4ca51202cac62a500ff54f794bec9c') in 0.307980 seconds
  Import took 0.353333 seconds .

========================================================================
Received Import Request.
  Time since last request: 251.665117 seconds.
  path: Assets/New Terrain 1.asset
  artifactKey: Guid(2487e6e567222aa479c787e4f1268d65) Importer(815301076,1909f56bfc062723c751e8b465ee728b)
Start importing Assets/New Terrain 1.asset using Guid(2487e6e567222aa479c787e4f1268d65) Importer(815301076,1909f56bfc062723c751e8b465ee728b)  -> (artifact id: '57501701220344b397f51a88b780dcd6') in 0.250644 seconds
  Import took 0.305830 seconds .

========================================================================
Received Import Request.
  Time since last request: 59620.131046 seconds.
  path: Assets/Assets
  artifactKey: Guid(5de05b23e3b6e6948919f56e0c3458d4) Importer(815301076,1909f56bfc062723c751e8b465ee728b)
Start importing Assets/Assets using Guid(5de05b23e3b6e6948919f56e0c3458d4) Importer(815301076,1909f56bfc062723c751e8b465ee728b)  -> (artifact id: '872e641c1c6a5a72f4cb825981ebc8eb') in 1.295474 seconds
  Import took 3.382638 seconds .

========================================================================
Received Import Request.
  Time since last request: 450.648027 seconds.
  path: Assets/Skybox/skyNeptuno.jpg
  artifactKey: Guid(f6a2ce98efe639443b50411d2b929ebb) Importer(815301076,1909f56bfc062723c751e8b465ee728b)
Start importing Assets/Skybox/skyNeptuno.jpg using Guid(f6a2ce98efe639443b50411d2b929ebb) Importer(815301076,1909f56bfc062723c751e8b465ee728b)  -> (artifact id: '62ab0373239add889e2c7669173b2dca') in 4.062157 seconds
  Import took 4.839508 seconds .

========================================================================
Received Import Request.
  Time since last request: 1.979310 seconds.
  path: Assets/Skybox/skyNeptuno.jpg
  artifactKey: Guid(f6a2ce98efe639443b50411d2b929ebb) Importer(815301076,1909f56bfc062723c751e8b465ee728b)
Start importing Assets/Skybox/skyNeptuno.jpg using Guid(f6a2ce98efe639443b50411d2b929ebb) Importer(815301076,1909f56bfc062723c751e8b465ee728b)  -> (artifact id: '62ab0373239add889e2c7669173b2dca') in 0.373833 seconds
  Import took 0.581028 seconds .

========================================================================
Received Import Request.
  Time since last request: 80.095171 seconds.
  path: Assets/Skybox/skyNeptun.jpg
  artifactKey: Guid(358ac93e0b485874ab3ed6afab800e38) Importer(815301076,1909f56bfc062723c751e8b465ee728b)
Start importing Assets/Skybox/skyNeptun.jpg using Guid(358ac93e0b485874ab3ed6afab800e38) Importer(815301076,1909f56bfc062723c751e8b465ee728b)  -> (artifact id: '56472fc733c766f036d782f2814e9e24') in 0.390414 seconds
  Import took 0.521419 seconds .

========================================================================
Received Import Request.
  Time since last request: 650.042727 seconds.
  path: Assets/Skybox/skyNeptun.jpg
  artifactKey: Guid(358ac93e0b485874ab3ed6afab800e38) Importer(815301076,1909f56bfc062723c751e8b465ee728b)
Start importing Assets/Skybox/skyNeptun.jpg using Guid(358ac93e0b485874ab3ed6afab800e38) Importer(815301076,1909f56bfc062723c751e8b465ee728b)  -> (artifact id: '6f14ab295772fae743e170133d2c02b2') in 11.016323 seconds
  Import took 11.074833 seconds .

========================================================================
Received Import Request.
  Time since last request: 21.514746 seconds.
  path: Assets/Skybox/skyneptuno.mat
  artifactKey: Guid(d0c57396f841fbb42b15d16f78b3f1a9) Importer(815301076,1909f56bfc062723c751e8b465ee728b)
Start importing Assets/Skybox/skyneptuno.mat using Guid(d0c57396f841fbb42b15d16f78b3f1a9) Importer(815301076,1909f56bfc062723c751e8b465ee728b)  -> (artifact id: '208dae9e266b0d3c8315972cb0354829') in 1.988262 seconds
  Import took 2.063127 seconds .

========================================================================
Received Import Request.
  Time since last request: 1697.910115 seconds.
  path: Assets/Skybox/skyneptuno.mat
  artifactKey: Guid(d0c57396f841fbb42b15d16f78b3f1a9) Importer(815301076,1909f56bfc062723c751e8b465ee728b)
Start importing Assets/Skybox/skyneptuno.mat using Guid(d0c57396f841fbb42b15d16f78b3f1a9) Importer(815301076,1909f56bfc062723c751e8b465ee728b)  -> (artifact id: '858d2649925dc32ba1cc0641227e2eed') in 1.829091 seconds
  Import took 2.087047 seconds .

