Using pre-set license
Built from '2020.3/staging' branch; Version is '2020.3.6f1 (338bb68529b2) revision 3378102'; Using compiler version '192528614'; Build Type 'Release'
OS: 'Windows 10 Home Single Language; OS build 19043.1415; Version 2009; 64bit' Language: 'es' Physical Memory: 8090 MB
BatchMode: 1, IsHumanControllingUs: 0, StartBugReporterOnCrash: 0, Is64bit: 1, IsPro: 0

 COMMAND LINE ARGUMENTS:
C:\Program Files\Unity\Hub\Editor\2020.3.6f1\Editor\Unity.exe
-adb2
-batchMode
-noUpm
-name
AssetImportWorker2
-projectPath
C:/Users/frAnz/Desktop/Dise単o de juego/space-game/space-game-unsa
-logFile
Logs/AssetImportWorker2.log
-srvPort
60176
Successfully changed project path to: C:/Users/frAnz/Desktop/Dise単o de juego/space-game/space-game-unsa
C:/Users/frAnz/Desktop/Dise単o de juego/space-game/space-game-unsa
Using Asset Import Pipeline V2.
Refreshing native plugins compatible for Editor in 106.17 ms, found 0 plugins.
Preloading 0 native plugins for Editor in 0.00 ms.
Initialize engine version: 2020.3.6f1 (338bb68529b2)
[Subsystems] Discovering subsystems at path C:/Program Files/Unity/Hub/Editor/2020.3.6f1/Editor/Data/Resources/UnitySubsystems
[Subsystems] Discovering subsystems at path C:/Users/frAnz/Desktop/Dise単o de juego/space-game/space-game-unsa/Assets
GfxDevice: creating device client; threaded=0
Direct3D:
    Version:  Direct3D 11.0 [level 11.1]
    Renderer: AMD Radeon (TM) R5 M330 (ID=0x6660)
    Vendor:   
    VRAM:     2039 MB
    Driver:   27.20.14501.18003
Initialize mono
Mono path[0] = 'C:/Program Files/Unity/Hub/Editor/2020.3.6f1/Editor/Data/Managed'
Mono path[1] = 'C:/Program Files/Unity/Hub/Editor/2020.3.6f1/Editor/Data/MonoBleedingEdge/lib/mono/unityjit'
Mono config path = 'C:/Program Files/Unity/Hub/Editor/2020.3.6f1/Editor/Data/MonoBleedingEdge/etc'
Using monoOptions --debugger-agent=transport=dt_socket,embedding=1,server=y,suspend=n,address=127.0.0.1:56084
Begin MonoManager ReloadAssembly
Registering precompiled unity dll's ...
Register platform support module: C:/Program Files/Unity/Hub/Editor/2020.3.6f1/Editor/Data/PlaybackEngines/WebGLSupport/UnityEditor.WebGL.Extensions.dll
Register platform support module: C:/Program Files/Unity/Hub/Editor/2020.3.6f1/Editor/Data/PlaybackEngines/WindowsStandaloneSupport/UnityEditor.WindowsStandalone.Extensions.dll
Registered in 0.007226 seconds.
Native extension for WindowsStandalone target not found
Native extension for WebGL target not found
Refreshing native plugins compatible for Editor in 69.71 ms, found 0 plugins.
Preloading 0 native plugins for Editor in 0.00 ms.
Mono: successfully reloaded assembly
- Completed reload, in  4.981 seconds
Platform modules already initialized, skipping
Registering precompiled user dll's ...
Registered in 0.001284 seconds.
Begin MonoManager ReloadAssembly
Native extension for WindowsStandalone target not found
Native extension for WebGL target not found
Refreshing native plugins compatible for Editor in 74.08 ms, found 0 plugins.
Preloading 0 native plugins for Editor in 0.00 ms.
Mono: successfully reloaded assembly
- Completed reload, in  3.278 seconds
Platform modules already initialized, skipping
========================================================================
Worker process is ready to serve import requests
Launched and connected shader compiler UnityShaderCompiler.exe after 0.76 seconds
Refreshing native plugins compatible for Editor in 2.30 ms, found 0 plugins.
Preloading 0 native plugins for Editor in 0.00 ms.
Unloading 1581 Unused Serialized files (Serialized files now loaded: 0)
System memory in use before: 99.9 MB.
System memory in use after: 99.9 MB.

Unloading 12 unused Assets to reduce memory usage. Loaded Objects now: 2060.
Total: 5.194700 ms (FindLiveObjects: 1.029900 ms CreateObjectMapping: 0.187000 ms MarkObjects: 3.763500 ms  DeleteObjects: 0.210400 ms)

========================================================================
Received Import Request.
  path: Assets/Samples/Terrain Tools/0.1.0-preview/Terrain Assets/TerrainBrushes/terrainstamp_mountain01.brush
  artifactKey: Guid(87bcc148df475664181f323cf3b45e93) Importer(815301076,1909f56bfc062723c751e8b465ee728b)
Start importing Assets/Samples/Terrain Tools/0.1.0-preview/Terrain Assets/TerrainBrushes/terrainstamp_mountain01.brush using Guid(87bcc148df475664181f323cf3b45e93) Importer(815301076,1909f56bfc062723c751e8b465ee728b)  -> (artifact id: '47efed5bbf7e8716ffeceefc313566ba') in 0.739205 seconds
  Import took 0.845874 seconds .

========================================================================
Received Import Request.
  Time since last request: 0.042801 seconds.
  path: Assets/Samples/Terrain Tools/0.1.0-preview/Terrain Assets/TerrainBrushes/terrainstamp_island01.brush
  artifactKey: Guid(52ed55fadd8d2b34cb0f9f08adb04a84) Importer(815301076,1909f56bfc062723c751e8b465ee728b)
Start importing Assets/Samples/Terrain Tools/0.1.0-preview/Terrain Assets/TerrainBrushes/terrainstamp_island01.brush using Guid(52ed55fadd8d2b34cb0f9f08adb04a84) Importer(815301076,1909f56bfc062723c751e8b465ee728b)  -> (artifact id: '6646ed84ac351b96a9e9c3a08a04bec1') in 0.068582 seconds
  Import took 0.117769 seconds .

========================================================================
Received Import Request.
  Time since last request: 0.000355 seconds.
  path: Assets/Samples/Terrain Tools/0.1.0-preview/Terrain Assets/TerrainBrushes/terrainstamp_erode02.brush
  artifactKey: Guid(b4f1a8962849d1e418cbb0637143dc00) Importer(815301076,1909f56bfc062723c751e8b465ee728b)
Start importing Assets/Samples/Terrain Tools/0.1.0-preview/Terrain Assets/TerrainBrushes/terrainstamp_erode02.brush using Guid(b4f1a8962849d1e418cbb0637143dc00) Importer(815301076,1909f56bfc062723c751e8b465ee728b)  -> (artifact id: '11283e38e9e77b2d0345d8405264d0df') in 0.105382 seconds
  Import took 0.153438 seconds .

========================================================================
Received Import Request.
  Time since last request: 0.000387 seconds.
  path: Assets/Samples/Terrain Tools/0.1.0-preview/Terrain Assets/TerrainBrushes/terrainstamp_canyon03.brush
  artifactKey: Guid(d4e29f095247ea040aabee8a6cb3b010) Importer(815301076,1909f56bfc062723c751e8b465ee728b)
Start importing Assets/Samples/Terrain Tools/0.1.0-preview/Terrain Assets/TerrainBrushes/terrainstamp_canyon03.brush using Guid(d4e29f095247ea040aabee8a6cb3b010) Importer(815301076,1909f56bfc062723c751e8b465ee728b)  -> (artifact id: '1a04b25de226754c4a5609fe8e4342e7') in 0.052552 seconds
  Import took 0.060484 seconds .

========================================================================
Received Import Request.
  Time since last request: 872.718420 seconds.
  path: Assets/New Terrain 1.asset
  artifactKey: Guid(cdb566abfd332464db7b3d1df0acc28e) Importer(815301076,1909f56bfc062723c751e8b465ee728b)
Start importing Assets/New Terrain 1.asset using Guid(cdb566abfd332464db7b3d1df0acc28e) Importer(815301076,1909f56bfc062723c751e8b465ee728b)  -> (artifact id: '424ea8ac432acb034ad93f9822c4e774') in 0.063995 seconds
  Import took 0.095528 seconds .

========================================================================
Received Import Request.
  Time since last request: 39.362902 seconds.
  path: Assets/Skybox/087867058-vr-360-wormhole-straight-throu.jpg
  artifactKey: Guid(a9d70c691d27ba94eb12ab3f57e16248) Importer(815301076,1909f56bfc062723c751e8b465ee728b)
Start importing Assets/Skybox/087867058-vr-360-wormhole-straight-throu.jpg using Guid(a9d70c691d27ba94eb12ab3f57e16248) Importer(815301076,1909f56bfc062723c751e8b465ee728b)  -> (artifact id: 'c7cf43dad426729e327b6e6695dbea24') in 0.228754 seconds
  Import took 0.272402 seconds .

========================================================================
Received Import Request.
  Time since last request: 20.991317 seconds.
  path: Assets/Skybox/087867058-vr-360-wormhole-straight-throu.jpg
  artifactKey: Guid(a9d70c691d27ba94eb12ab3f57e16248) Importer(815301076,1909f56bfc062723c751e8b465ee728b)
Start importing Assets/Skybox/087867058-vr-360-wormhole-straight-throu.jpg using Guid(a9d70c691d27ba94eb12ab3f57e16248) Importer(815301076,1909f56bfc062723c751e8b465ee728b)  -> (artifact id: '0e2c995b822cb49eed16d7fcc741f151') in 4.513146 seconds
  Import took 5.539559 seconds .

========================================================================
Received Import Request.
  Time since last request: 160.678965 seconds.
  path: Assets/Skybox/skybox1.mat
  artifactKey: Guid(b6302d87e4fb4d448ad31b0a0699276d) Importer(815301076,1909f56bfc062723c751e8b465ee728b)
Start importing Assets/Skybox/skybox1.mat using Guid(b6302d87e4fb4d448ad31b0a0699276d) Importer(815301076,1909f56bfc062723c751e8b465ee728b)  -> (artifact id: 'b4559ddcb48165d968373fe5f310ab7d') in 0.254013 seconds
  Import took 0.292277 seconds .

========================================================================
Received Import Request.
  Time since last request: 140.447127 seconds.
  path: Assets/Skybox/skybox1.mat
  artifactKey: Guid(b6302d87e4fb4d448ad31b0a0699276d) Importer(815301076,1909f56bfc062723c751e8b465ee728b)
Start importing Assets/Skybox/skybox1.mat using Guid(b6302d87e4fb4d448ad31b0a0699276d) Importer(815301076,1909f56bfc062723c751e8b465ee728b)  -> (artifact id: '79797ded11a943469421b28f35733427') in 0.135617 seconds
  Import took 0.146762 seconds .

========================================================================
Received Import Request.
  Time since last request: 272.133396 seconds.
  path: Assets/New Terrain 1.asset
  artifactKey: Guid(cdb566abfd332464db7b3d1df0acc28e) Importer(815301076,1909f56bfc062723c751e8b465ee728b)
Start importing Assets/New Terrain 1.asset using Guid(cdb566abfd332464db7b3d1df0acc28e) Importer(815301076,1909f56bfc062723c751e8b465ee728b)  -> (artifact id: '3acf169a9523731d87f39282449ad18f') in 0.042432 seconds
  Import took 0.077258 seconds .

========================================================================
Received Import Request.
  Time since last request: 2884.029816 seconds.
  path: Assets/Samples/Terrain Tools/0.1.0-preview/Terrain Assets/TerrainBrushes/terrainstamp_softpeaks01.brush
  artifactKey: Guid(7eae67bc3f75e02478ed0f5c2d4498cf) Importer(815301076,1909f56bfc062723c751e8b465ee728b)
Start importing Assets/Samples/Terrain Tools/0.1.0-preview/Terrain Assets/TerrainBrushes/terrainstamp_softpeaks01.brush using Guid(7eae67bc3f75e02478ed0f5c2d4498cf) Importer(815301076,1909f56bfc062723c751e8b465ee728b)  -> (artifact id: 'f43f2ecfd4228f9c5dd844ade5f240dc') in 0.404645 seconds
  Import took 0.484908 seconds .

========================================================================
Received Import Request.
  Time since last request: 11.424226 seconds.
  path: Assets/Samples/Terrain Tools/0.1.0-preview/Terrain Assets/TerrainBrushes/terrainstamp_volcano01.brush
  artifactKey: Guid(e5a2f11e9d7a4da4caf17b3e59800215) Importer(815301076,1909f56bfc062723c751e8b465ee728b)
Start importing Assets/Samples/Terrain Tools/0.1.0-preview/Terrain Assets/TerrainBrushes/terrainstamp_volcano01.brush using Guid(e5a2f11e9d7a4da4caf17b3e59800215) Importer(815301076,1909f56bfc062723c751e8b465ee728b)  -> (artifact id: '1605053a283678b991d3a1e3daa8d390') in 0.375161 seconds
  Import took 0.462029 seconds .

========================================================================
Received Import Request.
  Time since last request: 228.411785 seconds.
  path: Assets/Samples/Terrain Tools/0.1.0-preview/Terrain Assets/TerrainBrushes/terrainstamp_crackedground01.brush
  artifactKey: Guid(a27a2665c8aec334ba8bbba24ee0c827) Importer(815301076,1909f56bfc062723c751e8b465ee728b)
Start importing Assets/Samples/Terrain Tools/0.1.0-preview/Terrain Assets/TerrainBrushes/terrainstamp_crackedground01.brush using Guid(a27a2665c8aec334ba8bbba24ee0c827) Importer(815301076,1909f56bfc062723c751e8b465ee728b)  -> (artifact id: '64f20ebf9b48b79adf96a58f3d957ec2') in 0.225684 seconds
  Import took 0.245906 seconds .

========================================================================
Received Import Request.
  Time since last request: 511.954128 seconds.
  path: Assets/Samples/Terrain Tools/0.1.0-preview/Terrain Assets/TerrainTextures/sand_albedo.tif
  artifactKey: Guid(6bcc65b7c6e3a0b448d7801bfc56842f) Importer(815301076,1909f56bfc062723c751e8b465ee728b)
Start importing Assets/Samples/Terrain Tools/0.1.0-preview/Terrain Assets/TerrainTextures/sand_albedo.tif using Guid(6bcc65b7c6e3a0b448d7801bfc56842f) Importer(815301076,1909f56bfc062723c751e8b465ee728b)  -> (artifact id: 'f9d948097db0af11decbf04b7f906595') in 0.253432 seconds
  Import took 0.365404 seconds .

========================================================================
Received Import Request.
  Time since last request: 0.115063 seconds.
  path: Assets/Samples/Terrain Tools/0.1.0-preview/Terrain Assets/TerrainTextures/sand_albedo.tif
  artifactKey: Guid(6bcc65b7c6e3a0b448d7801bfc56842f) Importer(815301076,1909f56bfc062723c751e8b465ee728b)
Start importing Assets/Samples/Terrain Tools/0.1.0-preview/Terrain Assets/TerrainTextures/sand_albedo.tif using Guid(6bcc65b7c6e3a0b448d7801bfc56842f) Importer(815301076,1909f56bfc062723c751e8b465ee728b)  -> (artifact id: 'f9d948097db0af11decbf04b7f906595') in 0.079221 seconds
  Import took 0.110320 seconds .

========================================================================
Received Import Request.
  Time since last request: 40.601256 seconds.
  path: Assets/Standard Assets/Environment/TerrainAssets/SurfaceTextures/SandAlbedo.psd
  artifactKey: Guid(bfd675cc0db1d4656b75dc6d6ba91142) Importer(815301076,1909f56bfc062723c751e8b465ee728b)
Start importing Assets/Standard Assets/Environment/TerrainAssets/SurfaceTextures/SandAlbedo.psd using Guid(bfd675cc0db1d4656b75dc6d6ba91142) Importer(815301076,1909f56bfc062723c751e8b465ee728b)  -> (artifact id: '884256004b68bc9f32211e5c9e55b4e7') in 0.225680 seconds
  Import took 0.261684 seconds .

========================================================================
Received Import Request.
  Time since last request: 32.899037 seconds.
  path: Assets/Samples/Terrain Tools/0.1.0-preview/Terrain Assets/TerrainLayers/rock.terrainlayer
  artifactKey: Guid(716937fe861ba6748bfd599e6802e70a) Importer(815301076,1909f56bfc062723c751e8b465ee728b)
Start importing Assets/Samples/Terrain Tools/0.1.0-preview/Terrain Assets/TerrainLayers/rock.terrainlayer using Guid(716937fe861ba6748bfd599e6802e70a) Importer(815301076,1909f56bfc062723c751e8b465ee728b)  -> (artifact id: '3949d94da725bce4165001fadf8be1ec') in 0.585640 seconds
  Import took 0.630084 seconds .

========================================================================
Received Import Request.
  Time since last request: 121.299200 seconds.
  path: Assets/Samples/Terrain Tools/0.1.0-preview/Terrain Assets/TerrainTextures/scree_albedo.tif
  artifactKey: Guid(fcd3993703e7d804bb735613d2a5189d) Importer(815301076,1909f56bfc062723c751e8b465ee728b)
Start importing Assets/Samples/Terrain Tools/0.1.0-preview/Terrain Assets/TerrainTextures/scree_albedo.tif using Guid(fcd3993703e7d804bb735613d2a5189d) Importer(815301076,1909f56bfc062723c751e8b465ee728b)  -> (artifact id: 'b3957d13e1fb2a957c0efc185b762761') in 0.307876 seconds
  Import took 0.350677 seconds .

========================================================================
Received Import Request.
  Time since last request: 1.572175 seconds.
  path: Assets/Samples/Terrain Tools/0.1.0-preview/Terrain Assets/TerrainLayers/scree.terrainlayer
  artifactKey: Guid(6a3097ee6a39c594e8c63dae726b2278) Importer(815301076,1909f56bfc062723c751e8b465ee728b)
Start importing Assets/Samples/Terrain Tools/0.1.0-preview/Terrain Assets/TerrainLayers/scree.terrainlayer using Guid(6a3097ee6a39c594e8c63dae726b2278) Importer(815301076,1909f56bfc062723c751e8b465ee728b)  -> (artifact id: '751a79e4f26827adcf1eb86984bf80b8') in 0.096555 seconds
  Import took 0.136531 seconds .

========================================================================
Received Import Request.
  Time since last request: 93.518725 seconds.
  path: Assets/New Terrain.asset
  artifactKey: Guid(8ae2e8e3d64b50a48bf5a260413aeede) Importer(815301076,1909f56bfc062723c751e8b465ee728b)
Start importing Assets/New Terrain.asset using Guid(8ae2e8e3d64b50a48bf5a260413aeede) Importer(815301076,1909f56bfc062723c751e8b465ee728b)  -> (artifact id: '5acb1643592aea358b7d9c2e2785049d') in 0.285973 seconds
  Import took 0.311811 seconds .

========================================================================
Received Import Request.
  Time since last request: 1586.505924 seconds.
  path: Assets/Scenes/VenusTerrain.unity
  artifactKey: Guid(b101ec358b1dcbd43b68434a622fddae) Importer(815301076,1909f56bfc062723c751e8b465ee728b)
Start importing Assets/Scenes/VenusTerrain.unity using Guid(b101ec358b1dcbd43b68434a622fddae) Importer(815301076,1909f56bfc062723c751e8b465ee728b)  -> (artifact id: '927582134f7f4700f4dbfd054b20c125') in 0.262933 seconds
  Import took 0.412338 seconds .

========================================================================
Received Import Request.
  Time since last request: 1.579057 seconds.
  path: Assets/Scenes/MercuryTerrain.unity
  artifactKey: Guid(15217ed926a5e1544bc1809b771fb87b) Importer(815301076,1909f56bfc062723c751e8b465ee728b)
Start importing Assets/Scenes/MercuryTerrain.unity using Guid(15217ed926a5e1544bc1809b771fb87b) Importer(815301076,1909f56bfc062723c751e8b465ee728b)  -> (artifact id: '89a1d0148937f04134f0bba30018b220') in 0.074587 seconds
  Import took 0.118318 seconds .

========================================================================
Received Import Request.
  Time since last request: 4378.760308 seconds.
  path: Assets/New Terrain.asset
  artifactKey: Guid(8ae2e8e3d64b50a48bf5a260413aeede) Importer(815301076,1909f56bfc062723c751e8b465ee728b)
Start importing Assets/New Terrain.asset using Guid(8ae2e8e3d64b50a48bf5a260413aeede) Importer(815301076,1909f56bfc062723c751e8b465ee728b)  -> (artifact id: '1829fb34e671127e8b56cd49be79875d') in 3.727953 seconds
  Import took 4.234302 seconds .

========================================================================
Received Import Request.
  Time since last request: 44.104310 seconds.
  path: Assets/Skybox/eso2015e.jpg
  artifactKey: Guid(87269f86a99306a488449027be725718) Importer(815301076,1909f56bfc062723c751e8b465ee728b)
Start importing Assets/Skybox/eso2015e.jpg using Guid(87269f86a99306a488449027be725718) Importer(815301076,1909f56bfc062723c751e8b465ee728b)  -> (artifact id: '9a140433e5ad7210785af91f4e30bf46') in 0.414554 seconds
  Import took 0.500313 seconds .

========================================================================
Received Import Request.
  Time since last request: 21.717627 seconds.
  path: Assets/Skybox/eso2015e.jpg
  artifactKey: Guid(87269f86a99306a488449027be725718) Importer(815301076,1909f56bfc062723c751e8b465ee728b)
Start importing Assets/Skybox/eso2015e.jpg using Guid(87269f86a99306a488449027be725718) Importer(815301076,1909f56bfc062723c751e8b465ee728b)  -> (artifact id: 'e639f6a8050f25308b587ca47ee9f42d') in 3.105248 seconds
  Import took 3.160227 seconds .

========================================================================
Received Import Request.
  Time since last request: 22.175517 seconds.
  path: Assets/Skybox/skybox2.mat
  artifactKey: Guid(4dc8427450800774fa52beda1e390027) Importer(815301076,1909f56bfc062723c751e8b465ee728b)
Start importing Assets/Skybox/skybox2.mat using Guid(4dc8427450800774fa52beda1e390027) Importer(815301076,1909f56bfc062723c751e8b465ee728b)  -> (artifact id: '5509fd83f2160422f15efadb5976a096') in 0.584236 seconds
  Import took 0.632262 seconds .

========================================================================
Received Import Request.
  Time since last request: 86.713561 seconds.
  path: Assets/Skybox/skybox2.mat
  artifactKey: Guid(4dc8427450800774fa52beda1e390027) Importer(815301076,1909f56bfc062723c751e8b465ee728b)
Start importing Assets/Skybox/skybox2.mat using Guid(4dc8427450800774fa52beda1e390027) Importer(815301076,1909f56bfc062723c751e8b465ee728b)  -> (artifact id: '97bbfe1395d21eb238e767ba0b90c1ab') in 0.536706 seconds
  Import took 0.644632 seconds .

